#
# There is insufficient memory for the Java Runtime Environment to continue.
# Native memory allocation (malloc) failed to allocate 644416 bytes. Error detail: Chunk::new
# Possible reasons:
#   The system is out of physical RAM or swap space
#   This process is running with CompressedOops enabled, and the Java Heap may be blocking the growth of the native heap
# Possible solutions:
#   Reduce memory load on the system
#   Increase physical memory or swap space
#   Check if swap backing store is full
#   Decrease Java heap size (-Xmx/-Xms)
#   Decrease number of Java threads
#   Decrease Java thread stack sizes (-Xss)
#   Set larger code cache with -XX:ReservedCodeCacheSize=
#   JVM is running with Unscaled Compressed Oops mode in which the Java heap is
#     placed in the first 4GB address space. The Java Heap base address is the
#     maximum limit for the native heap growth. Please use -XX:HeapBaseMinAddress
#     to set the Java Heap base and to place the Java Heap above 4GB virtual address.
# This output file may be truncated or incomplete.
#
#  Out of Memory Error (arena.cpp:168), pid=27444, tid=4788
#
# JRE version: OpenJDK Runtime Environment (21.0.5) (build 21.0.5+-12932927-b750.29)
# Java VM: OpenJDK 64-Bit Server VM (21.0.5+-12932927-b750.29, mixed mode, tiered, compressed oops, compressed class ptrs, g1 gc, windows-amd64)
# No core dump will be written. Minidumps are not enabled by default on client versions of Windows
#

---------------  S U M M A R Y ------------

Command Line: --add-opens=java.base/java.lang=ALL-UNNAMED --add-opens=java.base/java.lang.invoke=ALL-UNNAMED --add-opens=java.base/java.util=ALL-UNNAMED --add-opens=java.prefs/java.util.prefs=ALL-UNNAMED --add-exports=jdk.compiler/com.sun.tools.javac.api=ALL-UNNAMED --add-exports=jdk.compiler/com.sun.tools.javac.util=ALL-UNNAMED --add-opens=java.base/java.util=ALL-UNNAMED --add-opens=java.prefs/java.util.prefs=ALL-UNNAMED --add-opens=java.base/java.nio.charset=ALL-UNNAMED --add-opens=java.base/java.net=ALL-UNNAMED --add-opens=java.base/java.util.concurrent.atomic=ALL-UNNAMED --add-opens=java.xml/javax.xml.namespace=ALL-UNNAMED -Xmx2048m -Dfile.encoding=UTF-8 -Duser.country=ID -Duser.language=en -Duser.variant -javaagent:C:\Users\HP\.gradle\wrapper\dists\gradle-8.11.1-bin\bpt9gzteqjrbo1mjrsomdt32c\gradle-8.11.1\lib\agents\gradle-instrumentation-agent-8.11.1.jar org.gradle.launcher.daemon.bootstrap.GradleDaemon 8.11.1

Host: 11th Gen Intel(R) Core(TM) i7-1165G7 @ 2.80GHz, 8 cores, 15G,  Windows 11 , 64 bit Build 22621 (10.0.22621.5124)
Time: Wed Apr 16 21:38:26 2025 SE Asia Standard Time elapsed time: 77.104574 seconds (0d 0h 1m 17s)

---------------  T H R E A D  ---------------

Current thread (0x000002a8a3e8df40):  JavaThread "C2 CompilerThread2" daemon [_thread_in_native, id=4788, stack(0x000000f360800000,0x000000f360900000) (1024K)]


Current CompileTask:
C2:77104 11100       4       org.jetbrains.kotlin.metadata.ProtoBuf$Function::isInitialized (251 bytes)

Stack: [0x000000f360800000,0x000000f360900000]
Native frames: (J=compiled Java code, j=interpreted, Vv=VM code, C=native code)
V  [jvm.dll+0x6cfb29]
V  [jvm.dll+0x85ded3]
V  [jvm.dll+0x86042e]
V  [jvm.dll+0x860b13]
V  [jvm.dll+0x27e6b6]
V  [jvm.dll+0xbff6d]
V  [jvm.dll+0xc04a3]
V  [jvm.dll+0x2f2750]
V  [jvm.dll+0x5fa0c9]
V  [jvm.dll+0x250d62]
V  [jvm.dll+0x24956d]
V  [jvm.dll+0x24712e]
V  [jvm.dll+0x1c5ee4]
V  [jvm.dll+0x25697c]
V  [jvm.dll+0x254ec6]
V  [jvm.dll+0x3f0ce6]
V  [jvm.dll+0x806368]
V  [jvm.dll+0x6ce3fd]
C  [ucrtbase.dll+0x29333]
C  [KERNEL32.DLL+0x1259d]
C  [ntdll.dll+0x5af38]


---------------  P R O C E S S  ---------------

Threads class SMR info:
_java_thread_list=0x000002a8ac3ef860, length=60, elements={
0x000002a885fb2720, 0x000002a89d7df8c0, 0x000002a89d7e06d0, 0x000002a89d7f6b90,
0x000002a89d7f71f0, 0x000002a89d7f7c40, 0x000002a89d801790, 0x000002a89d80ab30,
0x000002a89d833250, 0x000002a89d978a30, 0x000002a8a205b550, 0x000002a8a363fa40,
0x000002a8a23ec510, 0x000002a8a3445fb0, 0x000002a8a3d81d90, 0x000002a8a3a2f480,
0x000002a8a38de730, 0x000002a8a3da5ce0, 0x000002a8a39fb450, 0x000002a8a39fbab0,
0x000002a8a39e3d70, 0x000002a8a39e29c0, 0x000002a8a39e2330, 0x000002a8a39e1ca0,
0x000002a8a39e3050, 0x000002a8a39e08f0, 0x000002a8a39e36e0, 0x000002a8a39e1610,
0x000002a8a39e0f80, 0x000002a8a62a3cd0, 0x000002a8a62a0850, 0x000002a8a629ee10,
0x000002a8a629f4a0, 0x000002a8a62a3640, 0x000002a8a629d3d0, 0x000002a8a629da60,
0x000002a8a629e0f0, 0x000002a8a629cd40, 0x000002a8a629e780, 0x000002a8a629fb30,
0x000002a8a62a1c00, 0x000002a8a62a2920, 0x000002a8a62a2fb0, 0x000002a8a62a4360,
0x000002a8a7531900, 0x000002a8a752fec0, 0x000002a8a752ca40, 0x000002a8a7531270,
0x000002a8a7530550, 0x000002a8a752ddf0, 0x000002a8a7531f90, 0x000002a8a752d0d0,
0x000002a8a752f830, 0x000002a8a752d760, 0x000002a8a752e480, 0x000002a8a752c3b0,
0x000002a8a752eb10, 0x000002a8a752b000, 0x000002a8a468e0e0, 0x000002a8a3e8df40
}

Java Threads: ( => current thread )
  0x000002a885fb2720 JavaThread "main"                              [_thread_blocked, id=5448, stack(0x000000f360900000,0x000000f360a00000) (1024K)]
  0x000002a89d7df8c0 JavaThread "Reference Handler"          daemon [_thread_blocked, id=25292, stack(0x000000f361100000,0x000000f361200000) (1024K)]
  0x000002a89d7e06d0 JavaThread "Finalizer"                  daemon [_thread_blocked, id=13964, stack(0x000000f361200000,0x000000f361300000) (1024K)]
  0x000002a89d7f6b90 JavaThread "Signal Dispatcher"          daemon [_thread_blocked, id=16344, stack(0x000000f361300000,0x000000f361400000) (1024K)]
  0x000002a89d7f71f0 JavaThread "Attach Listener"            daemon [_thread_blocked, id=17748, stack(0x000000f361400000,0x000000f361500000) (1024K)]
  0x000002a89d7f7c40 JavaThread "Service Thread"             daemon [_thread_blocked, id=27616, stack(0x000000f361500000,0x000000f361600000) (1024K)]
  0x000002a89d801790 JavaThread "Monitor Deflation Thread"   daemon [_thread_blocked, id=26772, stack(0x000000f361600000,0x000000f361700000) (1024K)]
  0x000002a89d80ab30 JavaThread "C2 CompilerThread0"         daemon [_thread_in_native, id=9924, stack(0x000000f361700000,0x000000f361800000) (1024K)]
  0x000002a89d833250 JavaThread "C1 CompilerThread0"         daemon [_thread_blocked, id=19108, stack(0x000000f361800000,0x000000f361900000) (1024K)]
  0x000002a89d978a30 JavaThread "Common-Cleaner"             daemon [_thread_blocked, id=8680, stack(0x000000f361900000,0x000000f361a00000) (1024K)]
  0x000002a8a205b550 JavaThread "Notification Thread"        daemon [_thread_blocked, id=13340, stack(0x000000f361a00000,0x000000f361b00000) (1024K)]
  0x000002a8a363fa40 JavaThread "Daemon health stats"               [_thread_blocked, id=22220, stack(0x000000f362100000,0x000000f362200000) (1024K)]
  0x000002a8a23ec510 JavaThread "Incoming local TCP Connector on port 53352"        [_thread_in_native, id=18920, stack(0x000000f362000000,0x000000f362100000) (1024K)]
  0x000002a8a3445fb0 JavaThread "Daemon periodic checks"            [_thread_blocked, id=26000, stack(0x000000f362200000,0x000000f362300000) (1024K)]
  0x000002a8a3d81d90 JavaThread "Daemon"                            [_thread_blocked, id=23888, stack(0x000000f362400000,0x000000f362500000) (1024K)]
  0x000002a8a3a2f480 JavaThread "Handler for socket connection from /127.0.0.1:53352 to /127.0.0.1:53353"        [_thread_in_native, id=1200, stack(0x000000f362500000,0x000000f362600000) (1024K)]
  0x000002a8a38de730 JavaThread "Cancel handler"                    [_thread_blocked, id=27100, stack(0x000000f362600000,0x000000f362700000) (1024K)]
  0x000002a8a3da5ce0 JavaThread "Daemon worker"                     [_thread_in_Java, id=26840, stack(0x000000f362700000,0x000000f362800000) (1024K)]
  0x000002a8a39fb450 JavaThread "Asynchronous log dispatcher for DefaultDaemonConnection: socket connection from /127.0.0.1:53352 to /127.0.0.1:53353"        [_thread_blocked, id=15332, stack(0x000000f362800000,0x000000f362900000) (1024K)]
  0x000002a8a39fbab0 JavaThread "Stdin handler"                     [_thread_blocked, id=23200, stack(0x000000f362900000,0x000000f362a00000) (1024K)]
  0x000002a8a39e3d70 JavaThread "Daemon client event forwarder"        [_thread_blocked, id=17524, stack(0x000000f362a00000,0x000000f362b00000) (1024K)]
  0x000002a8a39e29c0 JavaThread "Cache worker for journal cache (C:\Users\HP\.gradle\caches\journal-1)"        [_thread_blocked, id=21316, stack(0x000000f362e00000,0x000000f362f00000) (1024K)]
  0x000002a8a39e2330 JavaThread "File lock request listener"        [_thread_in_native, id=13052, stack(0x000000f362300000,0x000000f362400000) (1024K)]
  0x000002a8a39e1ca0 JavaThread "Cache worker for file hash cache (C:\Users\HP\.gradle\caches\8.11.1\fileHashes)"        [_thread_blocked, id=13376, stack(0x000000f362f00000,0x000000f363000000) (1024K)]
  0x000002a8a39e3050 JavaThread "Cache worker for file content cache (C:\Users\HP\.gradle\caches\8.11.1\fileContent)"        [_thread_blocked, id=25376, stack(0x000000f363200000,0x000000f363300000) (1024K)]
  0x000002a8a39e08f0 JavaThread "Cache worker for file hash cache (D:\android s\assignmentthree\.gradle\8.11.1\fileHashes)"        [_thread_blocked, id=8128, stack(0x000000f363300000,0x000000f363400000) (1024K)]
  0x000002a8a39e36e0 JavaThread "Cache worker for Build Output Cleanup Cache (D:\android s\assignmentthree\.gradle\buildOutputCleanup)"        [_thread_blocked, id=26116, stack(0x000000f363400000,0x000000f363500000) (1024K)]
  0x000002a8a39e1610 JavaThread "File watcher server"        daemon [_thread_in_native, id=15784, stack(0x000000f363500000,0x000000f363600000) (1024K)]
  0x000002a8a39e0f80 JavaThread "File watcher consumer"      daemon [_thread_blocked, id=2024, stack(0x000000f363600000,0x000000f363700000) (1024K)]
  0x000002a8a62a3cd0 JavaThread "jar transforms"                    [_thread_blocked, id=17668, stack(0x000000f363700000,0x000000f363800000) (1024K)]
  0x000002a8a62a0850 JavaThread "jar transforms Thread 2"           [_thread_blocked, id=5344, stack(0x000000f363800000,0x000000f363900000) (1024K)]
  0x000002a8a629ee10 JavaThread "jar transforms Thread 3"           [_thread_blocked, id=25596, stack(0x000000f363900000,0x000000f363a00000) (1024K)]
  0x000002a8a629f4a0 JavaThread "jar transforms Thread 4"           [_thread_blocked, id=25040, stack(0x000000f363a00000,0x000000f363b00000) (1024K)]
  0x000002a8a62a3640 JavaThread "jar transforms Thread 5"           [_thread_blocked, id=19752, stack(0x000000f363b00000,0x000000f363c00000) (1024K)]
  0x000002a8a629d3d0 JavaThread "jar transforms Thread 6"           [_thread_blocked, id=16536, stack(0x000000f363c00000,0x000000f363d00000) (1024K)]
  0x000002a8a629da60 JavaThread "jar transforms Thread 7"           [_thread_blocked, id=27572, stack(0x000000f363d00000,0x000000f363e00000) (1024K)]
  0x000002a8a629e0f0 JavaThread "jar transforms Thread 8"           [_thread_blocked, id=1084, stack(0x000000f363e00000,0x000000f363f00000) (1024K)]
  0x000002a8a629cd40 JavaThread "Cache worker for checksums cache (D:\android s\assignmentthree\.gradle\8.11.1\checksums)"        [_thread_blocked, id=17328, stack(0x000000f363100000,0x000000f363200000) (1024K)]
  0x000002a8a629e780 JavaThread "Cache worker for cache directory md-rule (C:\Users\HP\.gradle\caches\8.11.1\md-rule)"        [_thread_blocked, id=22864, stack(0x000000f363f00000,0x000000f364000000) (1024K)]
  0x000002a8a629fb30 JavaThread "Cache worker for cache directory md-supplier (C:\Users\HP\.gradle\caches\8.11.1\md-supplier)"        [_thread_blocked, id=27464, stack(0x000000f364000000,0x000000f364100000) (1024K)]
  0x000002a8a62a1c00 JavaThread "Unconstrained build operations"        [_thread_blocked, id=21040, stack(0x000000f364200000,0x000000f364300000) (1024K)]
  0x000002a8a62a2920 JavaThread "Unconstrained build operations Thread 2"        [_thread_blocked, id=5432, stack(0x000000f364300000,0x000000f364400000) (1024K)]
  0x000002a8a62a2fb0 JavaThread "Unconstrained build operations Thread 3"        [_thread_blocked, id=22620, stack(0x000000f364400000,0x000000f364500000) (1024K)]
  0x000002a8a62a4360 JavaThread "Unconstrained build operations Thread 4"        [_thread_blocked, id=10216, stack(0x000000f364500000,0x000000f364600000) (1024K)]
  0x000002a8a7531900 JavaThread "Unconstrained build operations Thread 5"        [_thread_blocked, id=26144, stack(0x000000f363000000,0x000000f363100000) (1024K)]
  0x000002a8a752fec0 JavaThread "Unconstrained build operations Thread 6"        [_thread_blocked, id=11212, stack(0x000000f364100000,0x000000f364200000) (1024K)]
  0x000002a8a752ca40 JavaThread "Unconstrained build operations Thread 7"        [_thread_blocked, id=23036, stack(0x000000f364600000,0x000000f364700000) (1024K)]
  0x000002a8a7531270 JavaThread "Unconstrained build operations Thread 8"        [_thread_blocked, id=10936, stack(0x000000f364700000,0x000000f364800000) (1024K)]
  0x000002a8a7530550 JavaThread "Unconstrained build operations Thread 9"        [_thread_blocked, id=27440, stack(0x000000f364800000,0x000000f364900000) (1024K)]
  0x000002a8a752ddf0 JavaThread "Unconstrained build operations Thread 10"        [_thread_blocked, id=3820, stack(0x000000f364900000,0x000000f364a00000) (1024K)]
  0x000002a8a7531f90 JavaThread "Unconstrained build operations Thread 11"        [_thread_blocked, id=22700, stack(0x000000f364a00000,0x000000f364b00000) (1024K)]
  0x000002a8a752d0d0 JavaThread "Unconstrained build operations Thread 12"        [_thread_blocked, id=15336, stack(0x000000f364b00000,0x000000f364c00000) (1024K)]
  0x000002a8a752f830 JavaThread "Unconstrained build operations Thread 13"        [_thread_blocked, id=27640, stack(0x000000f364c00000,0x000000f364d00000) (1024K)]
  0x000002a8a752d760 JavaThread "Unconstrained build operations Thread 14"        [_thread_blocked, id=25428, stack(0x000000f364d00000,0x000000f364e00000) (1024K)]
  0x000002a8a752e480 JavaThread "Unconstrained build operations Thread 15"        [_thread_blocked, id=20640, stack(0x000000f364e00000,0x000000f364f00000) (1024K)]
  0x000002a8a752c3b0 JavaThread "Unconstrained build operations Thread 16"        [_thread_blocked, id=4852, stack(0x000000f364f00000,0x000000f365000000) (1024K)]
  0x000002a8a752eb10 JavaThread "Unconstrained build operations Thread 17"        [_thread_blocked, id=19052, stack(0x000000f365000000,0x000000f365100000) (1024K)]
  0x000002a8a752b000 JavaThread "Unconstrained build operations Thread 18"        [_thread_blocked, id=27536, stack(0x000000f365100000,0x000000f365200000) (1024K)]
  0x000002a8a468e0e0 JavaThread "C2 CompilerThread1"         daemon [_thread_in_native, id=19876, stack(0x000000f360700000,0x000000f360800000) (1024K)]
=>0x000002a8a3e8df40 JavaThread "C2 CompilerThread2"         daemon [_thread_in_native, id=4788, stack(0x000000f360800000,0x000000f360900000) (1024K)]
Total: 60

Other Threads:
  0x000002a89d74aa40 VMThread "VM Thread"                           [id=26632, stack(0x000000f361000000,0x000000f361100000) (1024K)]
  0x000002a89d740280 WatcherThread "VM Periodic Task Thread"        [id=24188, stack(0x000000f360f00000,0x000000f361000000) (1024K)]
  0x000002a886008ba0 WorkerThread "GC Thread#0"                     [id=27360, stack(0x000000f360a00000,0x000000f360b00000) (1024K)]
  0x000002a89da6c3e0 WorkerThread "GC Thread#1"                     [id=8704, stack(0x000000f361b00000,0x000000f361c00000) (1024K)]
  0x000002a8a20f55f0 WorkerThread "GC Thread#2"                     [id=27056, stack(0x000000f361c00000,0x000000f361d00000) (1024K)]
  0x000002a8a20f5990 WorkerThread "GC Thread#3"                     [id=820, stack(0x000000f361d00000,0x000000f361e00000) (1024K)]
  0x000002a8a221a2e0 WorkerThread "GC Thread#4"                     [id=9568, stack(0x000000f361e00000,0x000000f361f00000) (1024K)]
  0x000002a89da25ec0 WorkerThread "GC Thread#5"                     [id=26708, stack(0x000000f361f00000,0x000000f362000000) (1024K)]
  0x000002a8a3334d90 WorkerThread "GC Thread#6"                     [id=19044, stack(0x000000f362b00000,0x000000f362c00000) (1024K)]
  0x000002a8a33342b0 WorkerThread "GC Thread#7"                     [id=19212, stack(0x000000f362c00000,0x000000f362d00000) (1024K)]
  0x000002a88601ad00 ConcurrentGCThread "G1 Main Marker"            [id=7828, stack(0x000000f360b00000,0x000000f360c00000) (1024K)]
  0x000002a88601b800 WorkerThread "G1 Conc#0"                       [id=13980, stack(0x000000f360c00000,0x000000f360d00000) (1024K)]
  0x000002a8a33349f0 WorkerThread "G1 Conc#1"                       [id=20088, stack(0x000000f362d00000,0x000000f362e00000) (1024K)]
  0x000002a89d3ab170 ConcurrentGCThread "G1 Refine#0"               [id=12352, stack(0x000000f360d00000,0x000000f360e00000) (1024K)]
  0x000002a89d3ab990 ConcurrentGCThread "G1 Service"                [id=24468, stack(0x000000f360e00000,0x000000f360f00000) (1024K)]
Total: 15

Threads with active compile tasks:
C2 CompilerThread0  77167 11146       4       org.jetbrains.kotlin.cli.jvm.index.JvmDependenciesIndexImpl::search (374 bytes)
C2 CompilerThread1  77168 10930   !   4       java.net.URLClassLoader::findClass (47 bytes)
C2 CompilerThread2  77168 11100       4       org.jetbrains.kotlin.metadata.ProtoBuf$Function::isInitialized (251 bytes)
Total: 3

VM state: not at safepoint (normal execution)

VM Mutex/Monitor currently owned by a thread: None

Heap address: 0x0000000080000000, size: 2048 MB, Compressed Oops mode: 32-bit

CDS archive(s) not mapped
Compressed class space mapped at: 0x0000000100000000-0x0000000140000000, reserved size: 1073741824
Narrow klass base: 0x0000000000000000, Narrow klass shift: 3, Narrow klass range: 0x140000000

GC Precious Log:
 CardTable entry size: 512
 Card Set container configuration: InlinePtr #cards 5 size 8 Array Of Cards #cards 12 size 40 Howl #buckets 4 coarsen threshold 1843 Howl Bitmap #cards 512 size 80 coarsen threshold 460 Card regions per heap region 1 cards per card region 2048
 CPUs: 8 total, 8 available
 Memory: 16149M
 Large Page Support: Disabled
 NUMA Support: Disabled
 Compressed Oops: Enabled (32-bit)
 Heap Region Size: 1M
 Heap Min Capacity: 8M
 Heap Initial Capacity: 254M
 Heap Max Capacity: 2G
 Pre-touch: Disabled
 Parallel Workers: 8
 Concurrent Workers: 2
 Concurrent Refinement Workers: 8
 Periodic GC: Disabled

Heap:
 garbage-first heap   total 218112K, used 156077K [0x0000000080000000, 0x0000000100000000)
  region size 1024K, 35 young (35840K), 7 survivors (7168K)
 Metaspace       used 130164K, committed 132352K, reserved 1179648K
  class space    used 16581K, committed 17664K, reserved 1048576K

Heap Regions: E=young(eden), S=young(survivor), O=old, HS=humongous(starts), HC=humongous(continues), CS=collection set, F=free, TAMS=top-at-mark-start, PB=parsable bottom
|   0|0x0000000080000000, 0x0000000080100000, 0x0000000080100000|100%| O|  |TAMS 0x0000000080000000| PB 0x0000000080000000| Untracked 
|   1|0x0000000080100000, 0x0000000080200000, 0x0000000080200000|100%|HS|  |TAMS 0x0000000080100000| PB 0x0000000080100000| Complete 
|   2|0x0000000080200000, 0x0000000080300000, 0x0000000080300000|100%|HC|  |TAMS 0x0000000080200000| PB 0x0000000080200000| Complete 
|   3|0x0000000080300000, 0x0000000080400000, 0x0000000080400000|100%|HC|  |TAMS 0x0000000080300000| PB 0x0000000080300000| Complete 
|   4|0x0000000080400000, 0x0000000080500000, 0x0000000080500000|100%| O|  |TAMS 0x0000000080400000| PB 0x0000000080400000| Untracked 
|   5|0x0000000080500000, 0x0000000080600000, 0x0000000080600000|100%| O|  |TAMS 0x0000000080500000| PB 0x0000000080500000| Untracked 
|   6|0x0000000080600000, 0x0000000080700000, 0x0000000080700000|100%| O|  |TAMS 0x0000000080600000| PB 0x0000000080600000| Untracked 
|   7|0x0000000080700000, 0x0000000080800000, 0x0000000080800000|100%|HS|  |TAMS 0x0000000080700000| PB 0x0000000080700000| Complete 
|   8|0x0000000080800000, 0x0000000080900000, 0x0000000080900000|100%| O|  |TAMS 0x0000000080800000| PB 0x0000000080800000| Untracked 
|   9|0x0000000080900000, 0x0000000080a00000, 0x0000000080a00000|100%| O|  |TAMS 0x0000000080900000| PB 0x0000000080900000| Untracked 
|  10|0x0000000080a00000, 0x0000000080b00000, 0x0000000080b00000|100%| O|  |TAMS 0x0000000080a00000| PB 0x0000000080a00000| Untracked 
|  11|0x0000000080b00000, 0x0000000080c00000, 0x0000000080c00000|100%| O|  |TAMS 0x0000000080b00000| PB 0x0000000080b00000| Untracked 
|  12|0x0000000080c00000, 0x0000000080d00000, 0x0000000080d00000|100%| O|  |TAMS 0x0000000080c00000| PB 0x0000000080c00000| Untracked 
|  13|0x0000000080d00000, 0x0000000080e00000, 0x0000000080e00000|100%| O|  |TAMS 0x0000000080d00000| PB 0x0000000080d00000| Untracked 
|  14|0x0000000080e00000, 0x0000000080f00000, 0x0000000080f00000|100%|HS|  |TAMS 0x0000000080e00000| PB 0x0000000080e00000| Complete 
|  15|0x0000000080f00000, 0x0000000081000000, 0x0000000081000000|100%|HC|  |TAMS 0x0000000080f00000| PB 0x0000000080f00000| Complete 
|  16|0x0000000081000000, 0x0000000081100000, 0x0000000081100000|100%|HC|  |TAMS 0x0000000081000000| PB 0x0000000081000000| Complete 
|  17|0x0000000081100000, 0x0000000081200000, 0x0000000081200000|100%|HC|  |TAMS 0x0000000081100000| PB 0x0000000081100000| Complete 
|  18|0x0000000081200000, 0x0000000081300000, 0x0000000081300000|100%|HC|  |TAMS 0x0000000081200000| PB 0x0000000081200000| Complete 
|  19|0x0000000081300000, 0x0000000081400000, 0x0000000081400000|100%|HC|  |TAMS 0x0000000081300000| PB 0x0000000081300000| Complete 
|  20|0x0000000081400000, 0x0000000081500000, 0x0000000081500000|100%|HS|  |TAMS 0x0000000081400000| PB 0x0000000081400000| Complete 
|  21|0x0000000081500000, 0x0000000081600000, 0x0000000081600000|100%|HC|  |TAMS 0x0000000081500000| PB 0x0000000081500000| Complete 
|  22|0x0000000081600000, 0x0000000081700000, 0x0000000081700000|100%|HC|  |TAMS 0x0000000081600000| PB 0x0000000081600000| Complete 
|  23|0x0000000081700000, 0x0000000081800000, 0x0000000081800000|100%|HC|  |TAMS 0x0000000081700000| PB 0x0000000081700000| Complete 
|  24|0x0000000081800000, 0x0000000081900000, 0x0000000081900000|100%|HS|  |TAMS 0x0000000081800000| PB 0x0000000081800000| Complete 
|  25|0x0000000081900000, 0x0000000081a00000, 0x0000000081a00000|100%|HC|  |TAMS 0x0000000081900000| PB 0x0000000081900000| Complete 
|  26|0x0000000081a00000, 0x0000000081b00000, 0x0000000081b00000|100%| O|  |TAMS 0x0000000081a00000| PB 0x0000000081a00000| Untracked 
|  27|0x0000000081b00000, 0x0000000081c00000, 0x0000000081c00000|100%| O|  |TAMS 0x0000000081b00000| PB 0x0000000081b00000| Untracked 
|  28|0x0000000081c00000, 0x0000000081d00000, 0x0000000081d00000|100%| O|  |TAMS 0x0000000081c00000| PB 0x0000000081c00000| Untracked 
|  29|0x0000000081d00000, 0x0000000081e00000, 0x0000000081e00000|100%| O|  |TAMS 0x0000000081d00000| PB 0x0000000081d00000| Untracked 
|  30|0x0000000081e00000, 0x0000000081f00000, 0x0000000081f00000|100%|HS|  |TAMS 0x0000000081e00000| PB 0x0000000081e00000| Complete 
|  31|0x0000000081f00000, 0x0000000082000000, 0x0000000082000000|100%| O|  |TAMS 0x0000000081f00000| PB 0x0000000081f00000| Untracked 
|  32|0x0000000082000000, 0x0000000082100000, 0x0000000082100000|100%| O|  |TAMS 0x0000000082000000| PB 0x0000000082000000| Untracked 
|  33|0x0000000082100000, 0x0000000082200000, 0x0000000082200000|100%| O|Cm|TAMS 0x0000000082100000| PB 0x0000000082100000| Complete 
|  34|0x0000000082200000, 0x0000000082300000, 0x0000000082300000|100%| O|  |TAMS 0x0000000082200000| PB 0x0000000082200000| Untracked 
|  35|0x0000000082300000, 0x0000000082400000, 0x0000000082400000|100%| O|  |TAMS 0x0000000082300000| PB 0x0000000082300000| Untracked 
|  36|0x0000000082400000, 0x0000000082500000, 0x0000000082500000|100%| O|  |TAMS 0x0000000082400000| PB 0x0000000082400000| Untracked 
|  37|0x0000000082500000, 0x0000000082600000, 0x0000000082600000|100%| O|  |TAMS 0x0000000082500000| PB 0x0000000082500000| Untracked 
|  38|0x0000000082600000, 0x0000000082700000, 0x0000000082700000|100%| O|  |TAMS 0x0000000082600000| PB 0x0000000082600000| Untracked 
|  39|0x0000000082700000, 0x0000000082800000, 0x0000000082800000|100%| O|  |TAMS 0x0000000082700000| PB 0x0000000082700000| Untracked 
|  40|0x0000000082800000, 0x0000000082900000, 0x0000000082900000|100%| O|  |TAMS 0x0000000082800000| PB 0x0000000082800000| Untracked 
|  41|0x0000000082900000, 0x0000000082a00000, 0x0000000082a00000|100%|HS|  |TAMS 0x0000000082900000| PB 0x0000000082900000| Complete 
|  42|0x0000000082a00000, 0x0000000082b00000, 0x0000000082b00000|100%|HC|  |TAMS 0x0000000082a00000| PB 0x0000000082a00000| Complete 
|  43|0x0000000082b00000, 0x0000000082c00000, 0x0000000082c00000|100%| O|  |TAMS 0x0000000082b00000| PB 0x0000000082b00000| Untracked 
|  44|0x0000000082c00000, 0x0000000082d00000, 0x0000000082d00000|100%| O|  |TAMS 0x0000000082c00000| PB 0x0000000082c00000| Untracked 
|  45|0x0000000082d00000, 0x0000000082e00000, 0x0000000082e00000|100%| O|  |TAMS 0x0000000082d00000| PB 0x0000000082d00000| Untracked 
|  46|0x0000000082e00000, 0x0000000082f00000, 0x0000000082f00000|100%| O|  |TAMS 0x0000000082e00000| PB 0x0000000082e00000| Untracked 
|  47|0x0000000082f00000, 0x0000000083000000, 0x0000000083000000|100%| O|  |TAMS 0x0000000082f00000| PB 0x0000000082f00000| Untracked 
|  48|0x0000000083000000, 0x0000000083100000, 0x0000000083100000|100%| O|  |TAMS 0x0000000083000000| PB 0x0000000083000000| Untracked 
|  49|0x0000000083100000, 0x0000000083200000, 0x0000000083200000|100%| O|  |TAMS 0x0000000083100000| PB 0x0000000083100000| Untracked 
|  50|0x0000000083200000, 0x0000000083300000, 0x0000000083300000|100%| O|  |TAMS 0x0000000083200000| PB 0x0000000083200000| Untracked 
|  51|0x0000000083300000, 0x0000000083400000, 0x0000000083400000|100%| O|  |TAMS 0x0000000083300000| PB 0x0000000083300000| Untracked 
|  52|0x0000000083400000, 0x0000000083500000, 0x0000000083500000|100%| O|  |TAMS 0x0000000083400000| PB 0x0000000083400000| Untracked 
|  53|0x0000000083500000, 0x0000000083600000, 0x0000000083600000|100%| O|  |TAMS 0x0000000083500000| PB 0x0000000083500000| Untracked 
|  54|0x0000000083600000, 0x0000000083700000, 0x0000000083700000|100%| O|  |TAMS 0x0000000083600000| PB 0x0000000083600000| Untracked 
|  55|0x0000000083700000, 0x0000000083800000, 0x0000000083800000|100%| O|  |TAMS 0x0000000083700000| PB 0x0000000083700000| Untracked 
|  56|0x0000000083800000, 0x0000000083900000, 0x0000000083900000|100%| O|  |TAMS 0x0000000083800000| PB 0x0000000083800000| Untracked 
|  57|0x0000000083900000, 0x0000000083a00000, 0x0000000083a00000|100%| O|  |TAMS 0x0000000083900000| PB 0x0000000083900000| Untracked 
|  58|0x0000000083a00000, 0x0000000083b00000, 0x0000000083b00000|100%| O|  |TAMS 0x0000000083a00000| PB 0x0000000083a00000| Untracked 
|  59|0x0000000083b00000, 0x0000000083c00000, 0x0000000083c00000|100%| O|  |TAMS 0x0000000083b00000| PB 0x0000000083b00000| Untracked 
|  60|0x0000000083c00000, 0x0000000083d00000, 0x0000000083d00000|100%| O|  |TAMS 0x0000000083c00000| PB 0x0000000083c00000| Untracked 
|  61|0x0000000083d00000, 0x0000000083e00000, 0x0000000083e00000|100%| O|  |TAMS 0x0000000083d00000| PB 0x0000000083d00000| Untracked 
|  62|0x0000000083e00000, 0x0000000083f00000, 0x0000000083f00000|100%| O|  |TAMS 0x0000000083e00000| PB 0x0000000083e00000| Untracked 
|  63|0x0000000083f00000, 0x0000000084000000, 0x0000000084000000|100%| O|  |TAMS 0x0000000083f00000| PB 0x0000000083f00000| Untracked 
|  64|0x0000000084000000, 0x0000000084100000, 0x0000000084100000|100%| O|  |TAMS 0x0000000084000000| PB 0x0000000084000000| Untracked 
|  65|0x0000000084100000, 0x0000000084200000, 0x0000000084200000|100%| O|  |TAMS 0x0000000084100000| PB 0x0000000084100000| Untracked 
|  66|0x0000000084200000, 0x0000000084300000, 0x0000000084300000|100%|HS|  |TAMS 0x0000000084200000| PB 0x0000000084200000| Complete 
|  67|0x0000000084300000, 0x0000000084400000, 0x0000000084400000|100%|HC|  |TAMS 0x0000000084300000| PB 0x0000000084300000| Complete 
|  68|0x0000000084400000, 0x0000000084500000, 0x0000000084500000|100%|HC|  |TAMS 0x0000000084400000| PB 0x0000000084400000| Complete 
|  69|0x0000000084500000, 0x0000000084600000, 0x0000000084600000|100%|HC|  |TAMS 0x0000000084500000| PB 0x0000000084500000| Complete 
|  70|0x0000000084600000, 0x0000000084700000, 0x0000000084700000|100%|HC|  |TAMS 0x0000000084600000| PB 0x0000000084600000| Complete 
|  71|0x0000000084700000, 0x0000000084800000, 0x0000000084800000|100%|HC|  |TAMS 0x0000000084700000| PB 0x0000000084700000| Complete 
|  72|0x0000000084800000, 0x0000000084900000, 0x0000000084900000|100%| O|  |TAMS 0x0000000084800000| PB 0x0000000084800000| Untracked 
|  73|0x0000000084900000, 0x0000000084a00000, 0x0000000084a00000|100%|HS|  |TAMS 0x0000000084900000| PB 0x0000000084900000| Complete 
|  74|0x0000000084a00000, 0x0000000084b00000, 0x0000000084b00000|100%|HC|  |TAMS 0x0000000084a00000| PB 0x0000000084a00000| Complete 
|  75|0x0000000084b00000, 0x0000000084c00000, 0x0000000084c00000|100%|HC|  |TAMS 0x0000000084b00000| PB 0x0000000084b00000| Complete 
|  76|0x0000000084c00000, 0x0000000084d00000, 0x0000000084d00000|100%|HC|  |TAMS 0x0000000084c00000| PB 0x0000000084c00000| Complete 
|  77|0x0000000084d00000, 0x0000000084e00000, 0x0000000084e00000|100%|HC|  |TAMS 0x0000000084d00000| PB 0x0000000084d00000| Complete 
|  78|0x0000000084e00000, 0x0000000084f00000, 0x0000000084f00000|100%|HC|  |TAMS 0x0000000084e00000| PB 0x0000000084e00000| Complete 
|  79|0x0000000084f00000, 0x0000000085000000, 0x0000000085000000|100%| O|  |TAMS 0x0000000084f00000| PB 0x0000000084f00000| Untracked 
|  80|0x0000000085000000, 0x0000000085100000, 0x0000000085100000|100%| O|  |TAMS 0x0000000085000000| PB 0x0000000085000000| Untracked 
|  81|0x0000000085100000, 0x0000000085200000, 0x0000000085200000|100%| O|  |TAMS 0x0000000085100000| PB 0x0000000085100000| Untracked 
|  82|0x0000000085200000, 0x0000000085300000, 0x0000000085300000|100%| O|  |TAMS 0x0000000085200000| PB 0x0000000085200000| Untracked 
|  83|0x0000000085300000, 0x0000000085400000, 0x0000000085400000|100%| O|  |TAMS 0x0000000085300000| PB 0x0000000085300000| Untracked 
|  84|0x0000000085400000, 0x0000000085500000, 0x0000000085500000|100%| O|  |TAMS 0x0000000085400000| PB 0x0000000085400000| Untracked 
|  85|0x0000000085500000, 0x0000000085600000, 0x0000000085600000|100%|HS|  |TAMS 0x0000000085500000| PB 0x0000000085500000| Complete 
|  86|0x0000000085600000, 0x0000000085700000, 0x0000000085700000|100%| O|  |TAMS 0x0000000085600000| PB 0x0000000085600000| Untracked 
|  87|0x0000000085700000, 0x0000000085800000, 0x0000000085800000|100%| O|  |TAMS 0x0000000085700000| PB 0x0000000085700000| Untracked 
|  88|0x0000000085800000, 0x0000000085900000, 0x0000000085900000|100%| O|  |TAMS 0x0000000085800000| PB 0x0000000085800000| Untracked 
|  89|0x0000000085900000, 0x0000000085a00000, 0x0000000085a00000|100%| O|  |TAMS 0x0000000085900000| PB 0x0000000085900000| Untracked 
|  90|0x0000000085a00000, 0x0000000085b00000, 0x0000000085b00000|100%| O|  |TAMS 0x0000000085a00000| PB 0x0000000085a00000| Untracked 
|  91|0x0000000085b00000, 0x0000000085c00000, 0x0000000085c00000|100%| O|  |TAMS 0x0000000085b00000| PB 0x0000000085b00000| Untracked 
|  92|0x0000000085c00000, 0x0000000085d00000, 0x0000000085d00000|100%| O|  |TAMS 0x0000000085c00000| PB 0x0000000085c00000| Untracked 
|  93|0x0000000085d00000, 0x0000000085e00000, 0x0000000085e00000|100%| O|Cm|TAMS 0x0000000085d00000| PB 0x0000000085d00000| Complete 
|  94|0x0000000085e00000, 0x0000000085f00000, 0x0000000085f00000|100%| O|  |TAMS 0x0000000085e00000| PB 0x0000000085e00000| Untracked 
|  95|0x0000000085f00000, 0x0000000086000000, 0x0000000086000000|100%|HS|  |TAMS 0x0000000085f00000| PB 0x0000000085f00000| Complete 
|  96|0x0000000086000000, 0x0000000086100000, 0x0000000086100000|100%|HC|  |TAMS 0x0000000086000000| PB 0x0000000086000000| Complete 
|  97|0x0000000086100000, 0x0000000086200000, 0x0000000086200000|100%|HC|  |TAMS 0x0000000086100000| PB 0x0000000086100000| Complete 
|  98|0x0000000086200000, 0x0000000086300000, 0x0000000086300000|100%|HC|  |TAMS 0x0000000086200000| PB 0x0000000086200000| Complete 
|  99|0x0000000086300000, 0x0000000086400000, 0x0000000086400000|100%|HC|  |TAMS 0x0000000086300000| PB 0x0000000086300000| Complete 
| 100|0x0000000086400000, 0x0000000086500000, 0x0000000086500000|100%|HC|  |TAMS 0x0000000086400000| PB 0x0000000086400000| Complete 
| 101|0x0000000086500000, 0x0000000086600000, 0x0000000086600000|100%| O|Cm|TAMS 0x0000000086500000| PB 0x0000000086500000| Complete 
| 102|0x0000000086600000, 0x0000000086700000, 0x0000000086700000|100%| O|  |TAMS 0x0000000086600000| PB 0x0000000086600000| Untracked 
| 103|0x0000000086700000, 0x0000000086800000, 0x0000000086800000|100%| O|  |TAMS 0x0000000086700000| PB 0x0000000086700000| Untracked 
| 104|0x0000000086800000, 0x0000000086900000, 0x0000000086900000|100%| O|  |TAMS 0x0000000086800000| PB 0x0000000086800000| Untracked 
| 105|0x0000000086900000, 0x0000000086a00000, 0x0000000086a00000|100%| O|  |TAMS 0x0000000086900000| PB 0x0000000086900000| Untracked 
| 106|0x0000000086a00000, 0x0000000086b00000, 0x0000000086b00000|100%| O|  |TAMS 0x0000000086a00000| PB 0x0000000086a00000| Untracked 
| 107|0x0000000086b00000, 0x0000000086c00000, 0x0000000086c00000|100%| O|  |TAMS 0x0000000086b00000| PB 0x0000000086b00000| Untracked 
| 108|0x0000000086c00000, 0x0000000086d00000, 0x0000000086d00000|100%| O|  |TAMS 0x0000000086c00000| PB 0x0000000086c00000| Untracked 
| 109|0x0000000086d00000, 0x0000000086e00000, 0x0000000086e00000|100%| O|  |TAMS 0x0000000086d00000| PB 0x0000000086d00000| Untracked 
| 110|0x0000000086e00000, 0x0000000086f00000, 0x0000000086f00000|100%| O|  |TAMS 0x0000000086e00000| PB 0x0000000086e00000| Untracked 
| 111|0x0000000086f00000, 0x0000000087000000, 0x0000000087000000|100%| O|  |TAMS 0x0000000086f00000| PB 0x0000000086f00000| Untracked 
| 112|0x0000000087000000, 0x0000000087100000, 0x0000000087100000|100%| O|  |TAMS 0x0000000087000000| PB 0x0000000087000000| Untracked 
| 113|0x0000000087100000, 0x0000000087200000, 0x0000000087200000|100%|HS|  |TAMS 0x0000000087100000| PB 0x0000000087100000| Complete 
| 114|0x0000000087200000, 0x0000000087200000, 0x0000000087300000|  0%| F|  |TAMS 0x0000000087200000| PB 0x0000000087200000| Untracked 
| 115|0x0000000087300000, 0x0000000087300000, 0x0000000087400000|  0%| F|  |TAMS 0x0000000087300000| PB 0x0000000087300000| Untracked 
| 116|0x0000000087400000, 0x0000000087400000, 0x0000000087500000|  0%| F|  |TAMS 0x0000000087400000| PB 0x0000000087400000| Untracked 
| 117|0x0000000087500000, 0x0000000087500000, 0x0000000087600000|  0%| F|  |TAMS 0x0000000087500000| PB 0x0000000087500000| Untracked 
| 118|0x0000000087600000, 0x0000000087600000, 0x0000000087700000|  0%| F|  |TAMS 0x0000000087600000| PB 0x0000000087600000| Untracked 
| 119|0x0000000087700000, 0x0000000087700000, 0x0000000087800000|  0%| F|  |TAMS 0x0000000087700000| PB 0x0000000087700000| Untracked 
| 120|0x0000000087800000, 0x0000000087800000, 0x0000000087900000|  0%| F|  |TAMS 0x0000000087800000| PB 0x0000000087800000| Untracked 
| 121|0x0000000087900000, 0x0000000087900000, 0x0000000087a00000|  0%| F|  |TAMS 0x0000000087900000| PB 0x0000000087900000| Untracked 
| 122|0x0000000087a00000, 0x0000000087a00000, 0x0000000087b00000|  0%| F|  |TAMS 0x0000000087a00000| PB 0x0000000087a00000| Untracked 
| 123|0x0000000087b00000, 0x0000000087b00000, 0x0000000087c00000|  0%| F|  |TAMS 0x0000000087b00000| PB 0x0000000087b00000| Untracked 
| 124|0x0000000087c00000, 0x0000000087c6b5a0, 0x0000000087d00000| 41%| S|CS|TAMS 0x0000000087c00000| PB 0x0000000087c00000| Complete 
| 125|0x0000000087d00000, 0x0000000087e00000, 0x0000000087e00000|100%| S|CS|TAMS 0x0000000087d00000| PB 0x0000000087d00000| Complete 
| 126|0x0000000087e00000, 0x0000000087f00000, 0x0000000087f00000|100%| S|CS|TAMS 0x0000000087e00000| PB 0x0000000087e00000| Complete 
| 127|0x0000000087f00000, 0x0000000088000000, 0x0000000088000000|100%| S|CS|TAMS 0x0000000087f00000| PB 0x0000000087f00000| Complete 
| 128|0x0000000088000000, 0x0000000088100000, 0x0000000088100000|100%| S|CS|TAMS 0x0000000088000000| PB 0x0000000088000000| Complete 
| 129|0x0000000088100000, 0x0000000088200000, 0x0000000088200000|100%| S|CS|TAMS 0x0000000088100000| PB 0x0000000088100000| Complete 
| 130|0x0000000088200000, 0x0000000088300000, 0x0000000088300000|100%| S|CS|TAMS 0x0000000088200000| PB 0x0000000088200000| Complete 
| 131|0x0000000088300000, 0x0000000088300000, 0x0000000088400000|  0%| F|  |TAMS 0x0000000088300000| PB 0x0000000088300000| Untracked 
| 132|0x0000000088400000, 0x0000000088400000, 0x0000000088500000|  0%| F|  |TAMS 0x0000000088400000| PB 0x0000000088400000| Untracked 
| 133|0x0000000088500000, 0x0000000088500000, 0x0000000088600000|  0%| F|  |TAMS 0x0000000088500000| PB 0x0000000088500000| Untracked 
| 134|0x0000000088600000, 0x0000000088600000, 0x0000000088700000|  0%| F|  |TAMS 0x0000000088600000| PB 0x0000000088600000| Untracked 
| 135|0x0000000088700000, 0x0000000088700000, 0x0000000088800000|  0%| F|  |TAMS 0x0000000088700000| PB 0x0000000088700000| Untracked 
| 136|0x0000000088800000, 0x0000000088800000, 0x0000000088900000|  0%| F|  |TAMS 0x0000000088800000| PB 0x0000000088800000| Untracked 
| 137|0x0000000088900000, 0x0000000088900000, 0x0000000088a00000|  0%| F|  |TAMS 0x0000000088900000| PB 0x0000000088900000| Untracked 
| 138|0x0000000088a00000, 0x0000000088a00000, 0x0000000088b00000|  0%| F|  |TAMS 0x0000000088a00000| PB 0x0000000088a00000| Untracked 
| 139|0x0000000088b00000, 0x0000000088b00000, 0x0000000088c00000|  0%| F|  |TAMS 0x0000000088b00000| PB 0x0000000088b00000| Untracked 
| 140|0x0000000088c00000, 0x0000000088c00000, 0x0000000088d00000|  0%| F|  |TAMS 0x0000000088c00000| PB 0x0000000088c00000| Untracked 
| 141|0x0000000088d00000, 0x0000000088d00000, 0x0000000088e00000|  0%| F|  |TAMS 0x0000000088d00000| PB 0x0000000088d00000| Untracked 
| 142|0x0000000088e00000, 0x0000000088e00000, 0x0000000088f00000|  0%| F|  |TAMS 0x0000000088e00000| PB 0x0000000088e00000| Untracked 
| 143|0x0000000088f00000, 0x0000000088f00000, 0x0000000089000000|  0%| F|  |TAMS 0x0000000088f00000| PB 0x0000000088f00000| Untracked 
| 144|0x0000000089000000, 0x0000000089000000, 0x0000000089100000|  0%| F|  |TAMS 0x0000000089000000| PB 0x0000000089000000| Untracked 
| 145|0x0000000089100000, 0x0000000089100000, 0x0000000089200000|  0%| F|  |TAMS 0x0000000089100000| PB 0x0000000089100000| Untracked 
| 146|0x0000000089200000, 0x0000000089200000, 0x0000000089300000|  0%| F|  |TAMS 0x0000000089200000| PB 0x0000000089200000| Untracked 
| 147|0x0000000089300000, 0x0000000089300000, 0x0000000089400000|  0%| F|  |TAMS 0x0000000089300000| PB 0x0000000089300000| Untracked 
| 148|0x0000000089400000, 0x0000000089400000, 0x0000000089500000|  0%| F|  |TAMS 0x0000000089400000| PB 0x0000000089400000| Untracked 
| 149|0x0000000089500000, 0x0000000089500000, 0x0000000089600000|  0%| F|  |TAMS 0x0000000089500000| PB 0x0000000089500000| Untracked 
| 150|0x0000000089600000, 0x0000000089600000, 0x0000000089700000|  0%| F|  |TAMS 0x0000000089600000| PB 0x0000000089600000| Untracked 
| 151|0x0000000089700000, 0x0000000089700000, 0x0000000089800000|  0%| F|  |TAMS 0x0000000089700000| PB 0x0000000089700000| Untracked 
| 152|0x0000000089800000, 0x0000000089800000, 0x0000000089900000|  0%| F|  |TAMS 0x0000000089800000| PB 0x0000000089800000| Untracked 
| 153|0x0000000089900000, 0x0000000089900000, 0x0000000089a00000|  0%| F|  |TAMS 0x0000000089900000| PB 0x0000000089900000| Untracked 
| 154|0x0000000089a00000, 0x0000000089a00000, 0x0000000089b00000|  0%| F|  |TAMS 0x0000000089a00000| PB 0x0000000089a00000| Untracked 
| 155|0x0000000089b00000, 0x0000000089b00000, 0x0000000089c00000|  0%| F|  |TAMS 0x0000000089b00000| PB 0x0000000089b00000| Untracked 
| 156|0x0000000089c00000, 0x0000000089c00000, 0x0000000089d00000|  0%| F|  |TAMS 0x0000000089c00000| PB 0x0000000089c00000| Untracked 
| 157|0x0000000089d00000, 0x0000000089d00000, 0x0000000089e00000|  0%| F|  |TAMS 0x0000000089d00000| PB 0x0000000089d00000| Untracked 
| 158|0x0000000089e00000, 0x0000000089e00000, 0x0000000089f00000|  0%| F|  |TAMS 0x0000000089e00000| PB 0x0000000089e00000| Untracked 
| 159|0x0000000089f00000, 0x0000000089f00000, 0x000000008a000000|  0%| F|  |TAMS 0x0000000089f00000| PB 0x0000000089f00000| Untracked 
| 160|0x000000008a000000, 0x000000008a000000, 0x000000008a100000|  0%| F|  |TAMS 0x000000008a000000| PB 0x000000008a000000| Untracked 
| 161|0x000000008a100000, 0x000000008a100000, 0x000000008a200000|  0%| F|  |TAMS 0x000000008a100000| PB 0x000000008a100000| Untracked 
| 162|0x000000008a200000, 0x000000008a200000, 0x000000008a300000|  0%| F|  |TAMS 0x000000008a200000| PB 0x000000008a200000| Untracked 
| 163|0x000000008a300000, 0x000000008a300000, 0x000000008a400000|  0%| F|  |TAMS 0x000000008a300000| PB 0x000000008a300000| Untracked 
| 164|0x000000008a400000, 0x000000008a400000, 0x000000008a500000|  0%| F|  |TAMS 0x000000008a400000| PB 0x000000008a400000| Untracked 
| 165|0x000000008a500000, 0x000000008a500000, 0x000000008a600000|  0%| F|  |TAMS 0x000000008a500000| PB 0x000000008a500000| Untracked 
| 166|0x000000008a600000, 0x000000008a600000, 0x000000008a700000|  0%| F|  |TAMS 0x000000008a600000| PB 0x000000008a600000| Untracked 
| 167|0x000000008a700000, 0x000000008a700000, 0x000000008a800000|  0%| F|  |TAMS 0x000000008a700000| PB 0x000000008a700000| Untracked 
| 168|0x000000008a800000, 0x000000008a800000, 0x000000008a900000|  0%| F|  |TAMS 0x000000008a800000| PB 0x000000008a800000| Untracked 
| 169|0x000000008a900000, 0x000000008a900000, 0x000000008aa00000|  0%| F|  |TAMS 0x000000008a900000| PB 0x000000008a900000| Untracked 
| 170|0x000000008aa00000, 0x000000008aa00000, 0x000000008ab00000|  0%| F|  |TAMS 0x000000008aa00000| PB 0x000000008aa00000| Untracked 
| 171|0x000000008ab00000, 0x000000008ab00000, 0x000000008ac00000|  0%| F|  |TAMS 0x000000008ab00000| PB 0x000000008ab00000| Untracked 
| 172|0x000000008ac00000, 0x000000008ac00000, 0x000000008ad00000|  0%| F|  |TAMS 0x000000008ac00000| PB 0x000000008ac00000| Untracked 
| 173|0x000000008ad00000, 0x000000008ad00000, 0x000000008ae00000|  0%| F|  |TAMS 0x000000008ad00000| PB 0x000000008ad00000| Untracked 
| 174|0x000000008ae00000, 0x000000008ae00000, 0x000000008af00000|  0%| F|  |TAMS 0x000000008ae00000| PB 0x000000008ae00000| Untracked 
| 175|0x000000008af00000, 0x000000008af00000, 0x000000008b000000|  0%| F|  |TAMS 0x000000008af00000| PB 0x000000008af00000| Untracked 
| 176|0x000000008b000000, 0x000000008b000000, 0x000000008b100000|  0%| F|  |TAMS 0x000000008b000000| PB 0x000000008b000000| Untracked 
| 177|0x000000008b100000, 0x000000008b100000, 0x000000008b200000|  0%| F|  |TAMS 0x000000008b100000| PB 0x000000008b100000| Untracked 
| 178|0x000000008b200000, 0x000000008b200000, 0x000000008b300000|  0%| F|  |TAMS 0x000000008b200000| PB 0x000000008b200000| Untracked 
| 179|0x000000008b300000, 0x000000008b380000, 0x000000008b400000| 50%| E|  |TAMS 0x000000008b300000| PB 0x000000008b300000| Complete 
| 180|0x000000008b400000, 0x000000008b500000, 0x000000008b500000|100%| E|CS|TAMS 0x000000008b400000| PB 0x000000008b400000| Complete 
| 181|0x000000008b500000, 0x000000008b600000, 0x000000008b600000|100%| E|CS|TAMS 0x000000008b500000| PB 0x000000008b500000| Complete 
| 182|0x000000008b600000, 0x000000008b700000, 0x000000008b700000|100%| E|CS|TAMS 0x000000008b600000| PB 0x000000008b600000| Complete 
| 183|0x000000008b700000, 0x000000008b800000, 0x000000008b800000|100%| E|CS|TAMS 0x000000008b700000| PB 0x000000008b700000| Complete 
| 184|0x000000008b800000, 0x000000008b900000, 0x000000008b900000|100%| E|CS|TAMS 0x000000008b800000| PB 0x000000008b800000| Complete 
| 185|0x000000008b900000, 0x000000008ba00000, 0x000000008ba00000|100%| E|CS|TAMS 0x000000008b900000| PB 0x000000008b900000| Complete 
| 186|0x000000008ba00000, 0x000000008bb00000, 0x000000008bb00000|100%| E|CS|TAMS 0x000000008ba00000| PB 0x000000008ba00000| Complete 
| 187|0x000000008bb00000, 0x000000008bc00000, 0x000000008bc00000|100%| E|CS|TAMS 0x000000008bb00000| PB 0x000000008bb00000| Complete 
| 188|0x000000008bc00000, 0x000000008bd00000, 0x000000008bd00000|100%| E|CS|TAMS 0x000000008bc00000| PB 0x000000008bc00000| Complete 
| 189|0x000000008bd00000, 0x000000008be00000, 0x000000008be00000|100%| E|CS|TAMS 0x000000008bd00000| PB 0x000000008bd00000| Complete 
| 190|0x000000008be00000, 0x000000008bf00000, 0x000000008bf00000|100%| E|CS|TAMS 0x000000008be00000| PB 0x000000008be00000| Complete 
| 191|0x000000008bf00000, 0x000000008c000000, 0x000000008c000000|100%| E|CS|TAMS 0x000000008bf00000| PB 0x000000008bf00000| Complete 
| 192|0x000000008c000000, 0x000000008c100000, 0x000000008c100000|100%| E|CS|TAMS 0x000000008c000000| PB 0x000000008c000000| Complete 
| 219|0x000000008db00000, 0x000000008dc00000, 0x000000008dc00000|100%| E|CS|TAMS 0x000000008db00000| PB 0x000000008db00000| Complete 
| 220|0x000000008dc00000, 0x000000008dd00000, 0x000000008dd00000|100%| E|CS|TAMS 0x000000008dc00000| PB 0x000000008dc00000| Complete 
| 221|0x000000008dd00000, 0x000000008de00000, 0x000000008de00000|100%| E|CS|TAMS 0x000000008dd00000| PB 0x000000008dd00000| Complete 
| 222|0x000000008de00000, 0x000000008df00000, 0x000000008df00000|100%| E|CS|TAMS 0x000000008de00000| PB 0x000000008de00000| Complete 
| 223|0x000000008df00000, 0x000000008e000000, 0x000000008e000000|100%| E|CS|TAMS 0x000000008df00000| PB 0x000000008df00000| Complete 
| 224|0x000000008e000000, 0x000000008e100000, 0x000000008e100000|100%| E|CS|TAMS 0x000000008e000000| PB 0x000000008e000000| Complete 
| 225|0x000000008e100000, 0x000000008e200000, 0x000000008e200000|100%| E|CS|TAMS 0x000000008e100000| PB 0x000000008e100000| Complete 
| 226|0x000000008e200000, 0x000000008e300000, 0x000000008e300000|100%| E|CS|TAMS 0x000000008e200000| PB 0x000000008e200000| Complete 
| 227|0x000000008e300000, 0x000000008e400000, 0x000000008e400000|100%| E|CS|TAMS 0x000000008e300000| PB 0x000000008e300000| Complete 
| 253|0x000000008fd00000, 0x000000008fe00000, 0x000000008fe00000|100%| E|CS|TAMS 0x000000008fd00000| PB 0x000000008fd00000| Complete 
|2038|0x00000000ff600000, 0x00000000ff700000, 0x00000000ff700000|100%| E|CS|TAMS 0x00000000ff600000| PB 0x00000000ff600000| Complete 
|2039|0x00000000ff700000, 0x00000000ff800000, 0x00000000ff800000|100%| E|CS|TAMS 0x00000000ff700000| PB 0x00000000ff700000| Complete 
|2040|0x00000000ff800000, 0x00000000ff900000, 0x00000000ff900000|100%| E|CS|TAMS 0x00000000ff800000| PB 0x00000000ff800000| Complete 
|2041|0x00000000ff900000, 0x00000000ffa00000, 0x00000000ffa00000|100%| O|  |TAMS 0x00000000ff900000| PB 0x00000000ff900000| Untracked 
|2042|0x00000000ffa00000, 0x00000000ffb00000, 0x00000000ffb00000|100%| E|CS|TAMS 0x00000000ffa00000| PB 0x00000000ffa00000| Complete 
|2043|0x00000000ffb00000, 0x00000000ffc00000, 0x00000000ffc00000|100%| E|CS|TAMS 0x00000000ffb00000| PB 0x00000000ffb00000| Complete 
|2044|0x00000000ffc00000, 0x00000000ffd00000, 0x00000000ffd00000|100%| O|  |TAMS 0x00000000ffc00000| PB 0x00000000ffc00000| Untracked 
|2045|0x00000000ffd00000, 0x00000000ffe00000, 0x00000000ffe00000|100%| O|  |TAMS 0x00000000ffd00000| PB 0x00000000ffd00000| Untracked 
|2046|0x00000000ffe00000, 0x00000000fff00000, 0x00000000fff00000|100%| O|  |TAMS 0x00000000ffe00000| PB 0x00000000ffe00000| Untracked 
|2047|0x00000000fff00000, 0x0000000100000000, 0x0000000100000000|100%| O|  |TAMS 0x00000000fff00000| PB 0x00000000fff00000| Untracked 

Card table byte_map: [0x000002a898830000,0x000002a898c30000] _byte_map_base: 0x000002a898430000

Marking Bits: (CMBitMap*) 0x000002a8860092a0
 Bits: [0x000002a898c30000, 0x000002a89ac30000)

Polling page: 0x000002a885770000

Metaspace:

Usage:
  Non-class:    110.92 MB used.
      Class:     16.19 MB used.
       Both:    127.11 MB used.

Virtual space:
  Non-class space:      128.00 MB reserved,     112.00 MB ( 88%) committed,  2 nodes.
      Class space:        1.00 GB reserved,      17.25 MB (  2%) committed,  1 nodes.
             Both:        1.12 GB reserved,     129.25 MB ( 11%) committed. 

Chunk freelists:
   Non-Class:  15.91 MB
       Class:  14.61 MB
        Both:  30.52 MB

MaxMetaspaceSize: unlimited
CompressedClassSpaceSize: 1.00 GB
Initial GC threshold: 21.00 MB
Current GC threshold: 199.38 MB
CDS: off
 - commit_granule_bytes: 65536.
 - commit_granule_words: 8192.
 - virtual_space_node_default_size: 8388608.
 - enlarge_chunks_in_place: 1.
 - use_allocation_guard: 0.


Internal statistics:

num_allocs_failed_limit: 6.
num_arena_births: 3982.
num_arena_deaths: 4.
num_vsnodes_births: 3.
num_vsnodes_deaths: 0.
num_space_committed: 2066.
num_space_uncommitted: 0.
num_chunks_returned_to_freelist: 16.
num_chunks_taken_from_freelist: 9073.
num_chunk_merges: 6.
num_chunk_splits: 6397.
num_chunks_enlarged: 4504.
num_inconsistent_stats: 0.

CodeHeap 'non-profiled nmethods': size=120000Kb used=5804Kb max_used=5804Kb free=114195Kb
 bounds [0x000002a890bd0000, 0x000002a891180000, 0x000002a898100000]
CodeHeap 'profiled nmethods': size=120000Kb used=19111Kb max_used=19111Kb free=100888Kb
 bounds [0x000002a889100000, 0x000002a88a3b0000, 0x000002a890630000]
CodeHeap 'non-nmethods': size=5760Kb used=3342Kb max_used=3373Kb free=2417Kb
 bounds [0x000002a890630000, 0x000002a890990000, 0x000002a890bd0000]
 total_blobs=10618 nmethods=9506 adapters=1014
 compilation: enabled
              stopped_count=0, restarted_count=0
 full_count=0

Compilation events (20 events):
Event: 77.082 Thread 0x000002a89d833250 nmethod 11125 0x000002a88a386990 code [0x000002a88a386b40, 0x000002a88a386d40]
Event: 77.082 Thread 0x000002a89d833250 11126       3       org.jetbrains.kotlin.load.java.structure.impl.classFiles.BinaryJavaAnnotationVisitor::<init> (31 bytes)
Event: 77.084 Thread 0x000002a89d833250 nmethod 11126 0x000002a88a386e10 code [0x000002a88a387180, 0x000002a88a3884f0]
Event: 77.084 Thread 0x000002a89d833250 11128       3       org.jetbrains.kotlin.load.java.structure.impl.classFiles.ClassifierResolutionContext::mapInternalNameToClassId$resolution_common_jvm (99 bytes)
Event: 77.086 Thread 0x000002a89d833250 nmethod 11128 0x000002a88a388c10 code [0x000002a88a388fe0, 0x000002a88a38a428]
Event: 77.086 Thread 0x000002a89d833250 11127       3       org.jetbrains.kotlin.load.java.structure.impl.classFiles.BinaryJavaAnnotationVisitor$$Lambda/0x0000000100e3f680::<init> (10 bytes)
Event: 77.086 Thread 0x000002a89d833250 nmethod 11127 0x000002a88a38ab90 code [0x000002a88a38ad40, 0x000002a88a38aef8]
Event: 77.086 Thread 0x000002a89d833250 11129       3       org.jetbrains.kotlin.load.java.AnnotationTypeQualifierResolver::getFqName (9 bytes)
Event: 77.087 Thread 0x000002a89d833250 nmethod 11129 0x000002a88a38af90 code [0x000002a88a38b1e0, 0x000002a88a38b988]
Event: 77.087 Thread 0x000002a89d833250 11130       3       org.jetbrains.kotlin.load.java.AnnotationTypeQualifierResolver::getFqName (13 bytes)
Event: 77.088 Thread 0x000002a89d833250 nmethod 11130 0x000002a88a38bc10 code [0x000002a88a38be40, 0x000002a88a38c488]
Event: 77.092 Thread 0x000002a89d833250 11131       3       org.jetbrains.kotlin.load.java.lazy.LazyJavaAnnotations$$Lambda/0x0000000100e270c0::<init> (10 bytes)
Event: 77.093 Thread 0x000002a89d833250 nmethod 11131 0x000002a88a38c710 code [0x000002a88a38c8c0, 0x000002a88a38ca78]
Event: 77.093 Thread 0x000002a89d833250 11132       3       org.jetbrains.kotlin.load.java.lazy.LazyJavaAnnotations::<init> (57 bytes)
Event: 77.095 Thread 0x000002a89d833250 nmethod 11132 0x000002a88a38cb10 code [0x000002a88a38ce20, 0x000002a88a38dee8]
Event: 77.095 Thread 0x000002a89d833250 11134       3       org.jetbrains.org.objectweb.asm.ClassReader::readField (667 bytes)
Event: 77.098 Thread 0x000002a89d80ab30 nmethod 11109 0x000002a891177090 code [0x000002a8911773e0, 0x000002a891178340]
Event: 77.098 Thread 0x000002a89d80ab30 11133       4       org.jetbrains.kotlin.com.intellij.openapi.vfs.VirtualFile::findChild (62 bytes)
Event: 77.099 Thread 0x000002a89d833250 nmethod 11134 0x000002a88a38e510 code [0x000002a88a38ea80, 0x000002a88a390f68]
Event: 77.099 Thread 0x000002a89d833250 11136       3       org.jetbrains.kotlin.descriptors.FindClassInModuleKt::findClassifierAcrossModuleDependencies (656 bytes)

GC Heap History (20 events):
Event: 65.898 GC heap before
{Heap before GC invocations=28 (full 0):
 garbage-first heap   total 145408K, used 125471K [0x0000000080000000, 0x0000000100000000)
  region size 1024K, 43 young (44032K), 3 survivors (3072K)
 Metaspace       used 79210K, committed 80896K, reserved 1179648K
  class space    used 10952K, committed 11776K, reserved 1048576K
}
Event: 65.905 GC heap after
{Heap after GC invocations=29 (full 0):
 garbage-first heap   total 145408K, used 85776K [0x0000000080000000, 0x0000000100000000)
  region size 1024K, 5 young (5120K), 5 survivors (5120K)
 Metaspace       used 79210K, committed 80896K, reserved 1179648K
  class space    used 10952K, committed 11776K, reserved 1048576K
}
Event: 67.163 GC heap before
{Heap before GC invocations=30 (full 0):
 garbage-first heap   total 151552K, used 142096K [0x0000000080000000, 0x0000000100000000)
  region size 1024K, 46 young (47104K), 5 survivors (5120K)
 Metaspace       used 85416K, committed 87168K, reserved 1179648K
  class space    used 11713K, committed 12544K, reserved 1048576K
}
Event: 67.171 GC heap after
{Heap after GC invocations=31 (full 0):
 garbage-first heap   total 151552K, used 94826K [0x0000000080000000, 0x0000000100000000)
  region size 1024K, 5 young (5120K), 5 survivors (5120K)
 Metaspace       used 85416K, committed 87168K, reserved 1179648K
  class space    used 11713K, committed 12544K, reserved 1048576K
}
Event: 67.696 GC heap before
{Heap before GC invocations=31 (full 0):
 garbage-first heap   total 151552K, used 136810K [0x0000000080000000, 0x0000000100000000)
  region size 1024K, 46 young (47104K), 5 survivors (5120K)
 Metaspace       used 86147K, committed 87872K, reserved 1179648K
  class space    used 11791K, committed 12608K, reserved 1048576K
}
Event: 67.720 GC heap after
{Heap after GC invocations=32 (full 0):
 garbage-first heap   total 155648K, used 99277K [0x0000000080000000, 0x0000000100000000)
  region size 1024K, 6 young (6144K), 6 survivors (6144K)
 Metaspace       used 86147K, committed 87872K, reserved 1179648K
  class space    used 11791K, committed 12608K, reserved 1048576K
}
Event: 68.355 GC heap before
{Heap before GC invocations=32 (full 0):
 garbage-first heap   total 155648K, used 124877K [0x0000000080000000, 0x0000000100000000)
  region size 1024K, 32 young (32768K), 6 survivors (6144K)
 Metaspace       used 89936K, committed 91648K, reserved 1179648K
  class space    used 12227K, committed 13056K, reserved 1048576K
}
Event: 68.367 GC heap after
{Heap after GC invocations=33 (full 0):
 garbage-first heap   total 155648K, used 101974K [0x0000000080000000, 0x0000000100000000)
  region size 1024K, 2 young (2048K), 2 survivors (2048K)
 Metaspace       used 89936K, committed 91648K, reserved 1179648K
  class space    used 12227K, committed 13056K, reserved 1048576K
}
Event: 69.451 GC heap before
{Heap before GC invocations=34 (full 0):
 garbage-first heap   total 181248K, used 144982K [0x0000000080000000, 0x0000000100000000)
  region size 1024K, 38 young (38912K), 2 survivors (2048K)
 Metaspace       used 93762K, committed 95424K, reserved 1179648K
  class space    used 12603K, committed 13440K, reserved 1048576K
}
Event: 69.459 GC heap after
{Heap after GC invocations=35 (full 0):
 garbage-first heap   total 181248K, used 111079K [0x0000000080000000, 0x0000000100000000)
  region size 1024K, 5 young (5120K), 5 survivors (5120K)
 Metaspace       used 93762K, committed 95424K, reserved 1179648K
  class space    used 12603K, committed 13440K, reserved 1048576K
}
Event: 70.759 GC heap before
{Heap before GC invocations=35 (full 0):
 garbage-first heap   total 181248K, used 161255K [0x0000000080000000, 0x0000000100000000)
  region size 1024K, 54 young (55296K), 5 survivors (5120K)
 Metaspace       used 100287K, committed 102400K, reserved 1179648K
  class space    used 13372K, committed 14400K, reserved 1048576K
}
Event: 70.772 GC heap after
{Heap after GC invocations=36 (full 0):
 garbage-first heap   total 181248K, used 111925K [0x0000000080000000, 0x0000000100000000)
  region size 1024K, 6 young (6144K), 6 survivors (6144K)
 Metaspace       used 100287K, committed 102400K, reserved 1179648K
  class space    used 13372K, committed 14400K, reserved 1048576K
}
Event: 71.779 GC heap before
{Heap before GC invocations=36 (full 0):
 garbage-first heap   total 181248K, used 150837K [0x0000000080000000, 0x0000000100000000)
  region size 1024K, 45 young (46080K), 6 survivors (6144K)
 Metaspace       used 105744K, committed 107840K, reserved 1179648K
  class space    used 14063K, committed 15104K, reserved 1048576K
}
Event: 71.790 GC heap after
{Heap after GC invocations=37 (full 0):
 garbage-first heap   total 218112K, used 115249K [0x0000000080000000, 0x0000000100000000)
  region size 1024K, 6 young (6144K), 6 survivors (6144K)
 Metaspace       used 105744K, committed 107840K, reserved 1179648K
  class space    used 14063K, committed 15104K, reserved 1048576K
}
Event: 73.156 GC heap before
{Heap before GC invocations=37 (full 0):
 garbage-first heap   total 218112K, used 195121K [0x0000000080000000, 0x0000000100000000)
  region size 1024K, 83 young (84992K), 6 survivors (6144K)
 Metaspace       used 109863K, committed 111936K, reserved 1179648K
  class space    used 14501K, committed 15488K, reserved 1048576K
}
Event: 73.170 GC heap after
{Heap after GC invocations=38 (full 0):
 garbage-first heap   total 218112K, used 120895K [0x0000000080000000, 0x0000000100000000)
  region size 1024K, 11 young (11264K), 11 survivors (11264K)
 Metaspace       used 109863K, committed 111936K, reserved 1179648K
  class space    used 14501K, committed 15488K, reserved 1048576K
}
Event: 74.849 GC heap before
{Heap before GC invocations=38 (full 0):
 garbage-first heap   total 218112K, used 193599K [0x0000000080000000, 0x0000000100000000)
  region size 1024K, 82 young (83968K), 11 survivors (11264K)
 Metaspace       used 119283K, committed 121344K, reserved 1179648K
  class space    used 15566K, committed 16576K, reserved 1048576K
}
Event: 74.867 GC heap after
{Heap after GC invocations=39 (full 0):
 garbage-first heap   total 218112K, used 126181K [0x0000000080000000, 0x0000000100000000)
  region size 1024K, 6 young (6144K), 6 survivors (6144K)
 Metaspace       used 119283K, committed 121344K, reserved 1179648K
  class space    used 15566K, committed 16576K, reserved 1048576K
}
Event: 76.903 GC heap before
{Heap before GC invocations=40 (full 0):
 garbage-first heap   total 218112K, used 198885K [0x0000000080000000, 0x0000000100000000)
  region size 1024K, 77 young (78848K), 6 survivors (6144K)
 Metaspace       used 130061K, committed 132224K, reserved 1179648K
  class space    used 16581K, committed 17664K, reserved 1048576K
}
Event: 76.911 GC heap after
{Heap after GC invocations=41 (full 0):
 garbage-first heap   total 218112K, used 127405K [0x0000000080000000, 0x0000000100000000)
  region size 1024K, 7 young (7168K), 7 survivors (7168K)
 Metaspace       used 130061K, committed 132224K, reserved 1179648K
  class space    used 16581K, committed 17664K, reserved 1048576K
}

Dll operation events (3 events):
Event: 0.031 Loaded shared library D:\Android Studio\jbr\bin\java.dll
Event: 0.037 Loaded shared library D:\Android Studio\jbr\bin\zip.dll
Event: 23.960 Loaded shared library D:\Android Studio\jbr\bin\verify.dll

Deoptimization events (20 events):
Event: 76.897 Thread 0x000002a8a3da5ce0 Uncommon trap: trap_request=0xffffffc6 fr.pc=0x000002a8910cd4f0 relative=0x00000000000008f0
Event: 76.897 Thread 0x000002a8a3da5ce0 Uncommon trap: reason=bimorphic_or_optimized_type_check action=maybe_recompile pc=0x000002a8910cd4f0 method=org.jetbrains.kotlin.storage.LockBasedStorageManager$MapBasedMemoizedFunction.invoke(Ljava/lang/Object;)Ljava/lang/Object; @ 34 c2
Event: 76.897 Thread 0x000002a8a3da5ce0 DEOPT PACKING pc=0x000002a8910cd4f0 sp=0x000000f3627f5910
Event: 76.897 Thread 0x000002a8a3da5ce0 DEOPT UNPACKING pc=0x000002a890687da2 sp=0x000000f3627f58c0 mode 2
Event: 76.897 Thread 0x000002a8a3da5ce0 Uncommon trap: trap_request=0xffffffc6 fr.pc=0x000002a8910cd4f0 relative=0x00000000000008f0
Event: 76.897 Thread 0x000002a8a3da5ce0 Uncommon trap: reason=bimorphic_or_optimized_type_check action=maybe_recompile pc=0x000002a8910cd4f0 method=org.jetbrains.kotlin.storage.LockBasedStorageManager$MapBasedMemoizedFunction.invoke(Ljava/lang/Object;)Ljava/lang/Object; @ 34 c2
Event: 76.897 Thread 0x000002a8a3da5ce0 DEOPT PACKING pc=0x000002a8910cd4f0 sp=0x000000f3627f5910
Event: 76.897 Thread 0x000002a8a3da5ce0 DEOPT UNPACKING pc=0x000002a890687da2 sp=0x000000f3627f58c0 mode 2
Event: 76.994 Thread 0x000002a8a3da5ce0 Uncommon trap: trap_request=0xffffffc6 fr.pc=0x000002a89101472c relative=0x0000000000000dac
Event: 76.994 Thread 0x000002a8a3da5ce0 Uncommon trap: reason=bimorphic_or_optimized_type_check action=maybe_recompile pc=0x000002a89101472c method=java.util.HashMap.computeIfAbsent(Ljava/lang/Object;Ljava/util/function/Function;)Ljava/lang/Object; @ 142 c2
Event: 76.994 Thread 0x000002a8a3da5ce0 DEOPT PACKING pc=0x000002a89101472c sp=0x000000f3627f5260
Event: 76.994 Thread 0x000002a8a3da5ce0 DEOPT UNPACKING pc=0x000002a890687da2 sp=0x000000f3627f5210 mode 2
Event: 77.000 Thread 0x000002a8a3da5ce0 Uncommon trap: trap_request=0xffffffc6 fr.pc=0x000002a89101472c relative=0x0000000000000dac
Event: 77.000 Thread 0x000002a8a3da5ce0 Uncommon trap: reason=bimorphic_or_optimized_type_check action=maybe_recompile pc=0x000002a89101472c method=java.util.HashMap.computeIfAbsent(Ljava/lang/Object;Ljava/util/function/Function;)Ljava/lang/Object; @ 142 c2
Event: 77.000 Thread 0x000002a8a3da5ce0 DEOPT PACKING pc=0x000002a89101472c sp=0x000000f3627f5260
Event: 77.000 Thread 0x000002a8a3da5ce0 DEOPT UNPACKING pc=0x000002a890687da2 sp=0x000000f3627f5210 mode 2
Event: 77.015 Thread 0x000002a8a3da5ce0 Uncommon trap: trap_request=0xffffffde fr.pc=0x000002a891154968 relative=0x0000000000000f88
Event: 77.015 Thread 0x000002a8a3da5ce0 Uncommon trap: reason=class_check action=maybe_recompile pc=0x000002a891154968 method=org.jetbrains.org.objectweb.asm.ClassReader.readElementValue(Lorg/jetbrains/org/objectweb/asm/AnnotationVisitor;ILjava/lang/String;[C)I @ 536 c2
Event: 77.015 Thread 0x000002a8a3da5ce0 DEOPT PACKING pc=0x000002a891154968 sp=0x000000f3627f5130
Event: 77.015 Thread 0x000002a8a3da5ce0 DEOPT UNPACKING pc=0x000002a890687da2 sp=0x000000f3627f50a0 mode 2

Classes loaded (20 events):
Event: 71.412 Loading class java/util/AbstractList$SubList$1
Event: 71.412 Loading class java/util/AbstractList$SubList$1 done
Event: 71.631 Loading class java/util/EnumMap$EntrySet
Event: 71.632 Loading class java/util/EnumMap$EntrySet done
Event: 71.632 Loading class java/util/EnumMap$EntryIterator
Event: 71.632 Loading class java/util/EnumMap$EnumMapIterator
Event: 71.632 Loading class java/util/EnumMap$EnumMapIterator done
Event: 71.632 Loading class java/util/EnumMap$EntryIterator done
Event: 71.632 Loading class java/util/EnumMap$EntryIterator$Entry
Event: 71.632 Loading class java/util/EnumMap$EntryIterator$Entry done
Event: 72.849 Loading class java/util/AbstractList$RandomAccessSubList
Event: 72.849 Loading class java/util/AbstractList$RandomAccessSubList done
Event: 76.284 Loading class java/util/Vector$Itr
Event: 76.284 Loading class java/util/Vector$Itr done
Event: 76.449 Loading class java/util/zip/ZipInputStream
Event: 76.449 Loading class java/util/zip/ZipInputStream done
Event: 76.545 Loading class java/nio/file/attribute/DosFileAttributeView
Event: 76.545 Loading class java/nio/file/attribute/DosFileAttributeView done
Event: 76.545 Loading class sun/nio/fs/WindowsFileAttributeViews$Dos
Event: 76.546 Loading class sun/nio/fs/WindowsFileAttributeViews$Dos done

Classes unloaded (12 events):
Event: 63.333 Thread 0x000002a89d74aa40 Unloading class 0x00000001008ec948 '_BuildScript_$_run_closure1$_closure2'
Event: 63.333 Thread 0x000002a89d74aa40 Unloading class 0x00000001008ec548 '_BuildScript_$_run_closure1'
Event: 63.333 Thread 0x000002a89d74aa40 Unloading class 0x00000001008ec000 '_BuildScript_'
Event: 65.982 Thread 0x000002a89d74aa40 Unloading class 0x000000010091d948 '_BuildScript_$_run_closure1$_closure3'
Event: 65.982 Thread 0x000002a89d74aa40 Unloading class 0x000000010091d548 '_BuildScript_$_run_closure1$_closure2'
Event: 65.982 Thread 0x000002a89d74aa40 Unloading class 0x000000010091d148 '_BuildScript_$_run_closure1'
Event: 65.982 Thread 0x000002a89d74aa40 Unloading class 0x000000010091cc00 '_BuildScript_'
Event: 65.982 Thread 0x000002a89d74aa40 Unloading class 0x000000010091c800 'JetGradlePlugin$_apply_closure1$_closure2$_closure3'
Event: 65.982 Thread 0x000002a89d74aa40 Unloading class 0x000000010091c400 'JetGradlePlugin$_apply_closure1$_closure2'
Event: 65.982 Thread 0x000002a89d74aa40 Unloading class 0x000000010091c000 'JetGradlePlugin$_apply_closure1'
Event: 65.982 Thread 0x000002a89d74aa40 Unloading class 0x00000001009112e0 'JetGradlePlugin'
Event: 65.982 Thread 0x000002a89d74aa40 Unloading class 0x0000000100911000 'RegistryProcessor'

Classes redefined (0 events):
No events

Internal exceptions (20 events):
Event: 76.415 Thread 0x000002a8a3da5ce0 Exception <a 'java/lang/NoSuchMethodError'{0x0000000089795478}: 'java.lang.Object java.lang.invoke.DirectMethodHandle$Holder.invokeStatic(java.lang.Object, java.lang.Object, int, java.lang.Object, java.lang.Object)'> (0x0000000089795478) 
thrown [s\src\hotspot\share\interpreter\linkResolver.cpp, line 784]
Event: 76.445 Thread 0x000002a8a3da5ce0 Exception <a 'sun/nio/fs/WindowsException'{0x000000008960f530}> (0x000000008960f530) 
thrown [s\src\hotspot\share\prims\jni.cpp, line 535]
Event: 76.446 Thread 0x000002a8a3da5ce0 Exception <a 'sun/nio/fs/WindowsException'{0x0000000089611188}> (0x0000000089611188) 
thrown [s\src\hotspot\share\prims\jni.cpp, line 535]
Event: 76.454 Thread 0x000002a8a3da5ce0 Exception <a 'sun/nio/fs/WindowsException'{0x0000000089629f28}> (0x0000000089629f28) 
thrown [s\src\hotspot\share\prims\jni.cpp, line 535]
Event: 76.457 Thread 0x000002a8a3da5ce0 Exception <a 'sun/nio/fs/WindowsException'{0x00000000896322c8}> (0x00000000896322c8) 
thrown [s\src\hotspot\share\prims\jni.cpp, line 535]
Event: 76.461 Thread 0x000002a8a3da5ce0 Exception <a 'sun/nio/fs/WindowsException'{0x000000008963a3b0}> (0x000000008963a3b0) 
thrown [s\src\hotspot\share\prims\jni.cpp, line 535]
Event: 76.465 Thread 0x000002a8a3da5ce0 Exception <a 'sun/nio/fs/WindowsException'{0x0000000089642a28}> (0x0000000089642a28) 
thrown [s\src\hotspot\share\prims\jni.cpp, line 535]
Event: 76.469 Thread 0x000002a8a3da5ce0 Exception <a 'sun/nio/fs/WindowsException'{0x000000008964aad0}> (0x000000008964aad0) 
thrown [s\src\hotspot\share\prims\jni.cpp, line 535]
Event: 76.473 Thread 0x000002a8a3da5ce0 Exception <a 'sun/nio/fs/WindowsException'{0x0000000089653da0}> (0x0000000089653da0) 
thrown [s\src\hotspot\share\prims\jni.cpp, line 535]
Event: 76.492 Thread 0x000002a8a3da5ce0 Exception <a 'sun/nio/fs/WindowsException'{0x0000000089659518}> (0x0000000089659518) 
thrown [s\src\hotspot\share\prims\jni.cpp, line 535]
Event: 76.502 Thread 0x000002a8a3da5ce0 Exception <a 'sun/nio/fs/WindowsException'{0x000000008965aa38}> (0x000000008965aa38) 
thrown [s\src\hotspot\share\prims\jni.cpp, line 535]
Event: 76.509 Thread 0x000002a8a3da5ce0 Exception <a 'sun/nio/fs/WindowsException'{0x000000008965b998}> (0x000000008965b998) 
thrown [s\src\hotspot\share\prims\jni.cpp, line 535]
Event: 76.516 Thread 0x000002a8a3da5ce0 Exception <a 'sun/nio/fs/WindowsException'{0x000000008965c940}> (0x000000008965c940) 
thrown [s\src\hotspot\share\prims\jni.cpp, line 535]
Event: 76.525 Thread 0x000002a8a3da5ce0 Exception <a 'sun/nio/fs/WindowsException'{0x000000008965d8d0}> (0x000000008965d8d0) 
thrown [s\src\hotspot\share\prims\jni.cpp, line 535]
Event: 76.533 Thread 0x000002a8a3da5ce0 Exception <a 'sun/nio/fs/WindowsException'{0x000000008965e808}> (0x000000008965e808) 
thrown [s\src\hotspot\share\prims\jni.cpp, line 535]
Event: 76.539 Thread 0x000002a8a3da5ce0 Exception <a 'sun/nio/fs/WindowsException'{0x000000008965f728}> (0x000000008965f728) 
thrown [s\src\hotspot\share\prims\jni.cpp, line 535]
Event: 76.550 Thread 0x000002a8a3da5ce0 Exception <a 'sun/nio/fs/WindowsException'{0x0000000089663978}> (0x0000000089663978) 
thrown [s\src\hotspot\share\prims\jni.cpp, line 535]
Event: 76.717 Thread 0x000002a8a3da5ce0 Exception <a 'java/lang/IncompatibleClassChangeError'{0x00000000891846a0}: Found class java.lang.Object, but interface was expected> (0x00000000891846a0) 
thrown [s\src\hotspot\share\interpreter\linkResolver.cpp, line 851]
Event: 76.839 Thread 0x000002a8a3da5ce0 Exception <a 'sun/nio/fs/WindowsException'{0x0000000088da9fe0}> (0x0000000088da9fe0) 
thrown [s\src\hotspot\share\prims\jni.cpp, line 535]
Event: 76.839 Thread 0x000002a8a3da5ce0 Exception <a 'sun/nio/fs/WindowsException'{0x0000000088daba78}> (0x0000000088daba78) 
thrown [s\src\hotspot\share\prims\jni.cpp, line 535]

ZGC Phase Switch (0 events):
No events

VM Operations (20 events):
Event: 75.071 Executing VM operation: G1PauseCleanup
Event: 75.071 Executing VM operation: G1PauseCleanup done
Event: 75.127 Executing VM operation: HandshakeAllThreads (Deoptimize)
Event: 75.127 Executing VM operation: HandshakeAllThreads (Deoptimize) done
Event: 75.129 Executing VM operation: HandshakeAllThreads (Deoptimize)
Event: 75.129 Executing VM operation: HandshakeAllThreads (Deoptimize) done
Event: 75.526 Executing VM operation: HandshakeAllThreads (Deoptimize)
Event: 75.526 Executing VM operation: HandshakeAllThreads (Deoptimize) done
Event: 75.665 Executing VM operation: ICBufferFull
Event: 75.665 Executing VM operation: ICBufferFull done
Event: 75.916 Executing VM operation: HandshakeAllThreads (Deoptimize)
Event: 75.917 Executing VM operation: HandshakeAllThreads (Deoptimize) done
Event: 76.426 Executing VM operation: HandshakeAllThreads (Deoptimize)
Event: 76.426 Executing VM operation: HandshakeAllThreads (Deoptimize) done
Event: 76.547 Executing VM operation: HandshakeAllThreads (Deoptimize)
Event: 76.547 Executing VM operation: HandshakeAllThreads (Deoptimize) done
Event: 76.629 Executing VM operation: ICBufferFull
Event: 76.629 Executing VM operation: ICBufferFull done
Event: 76.903 Executing VM operation: G1CollectForAllocation (G1 Evacuation Pause)
Event: 76.911 Executing VM operation: G1CollectForAllocation (G1 Evacuation Pause) done

Memory protections (0 events):
No events

Nmethod flushes (20 events):
Event: 75.006 Thread 0x000002a89d74aa40 flushing  nmethod 0x000002a8891ac090
Event: 75.006 Thread 0x000002a89d74aa40 flushing  nmethod 0x000002a8891d5890
Event: 75.006 Thread 0x000002a89d74aa40 flushing  nmethod 0x000002a889253c90
Event: 75.006 Thread 0x000002a89d74aa40 flushing  nmethod 0x000002a889335d90
Event: 75.006 Thread 0x000002a89d74aa40 flushing  nmethod 0x000002a889365890
Event: 75.006 Thread 0x000002a89d74aa40 flushing  nmethod 0x000002a889479190
Event: 75.006 Thread 0x000002a89d74aa40 flushing  nmethod 0x000002a8894cd790
Event: 75.006 Thread 0x000002a89d74aa40 flushing  nmethod 0x000002a8894ced10
Event: 75.006 Thread 0x000002a89d74aa40 flushing  nmethod 0x000002a889521810
Event: 75.006 Thread 0x000002a89d74aa40 flushing  nmethod 0x000002a889523090
Event: 75.006 Thread 0x000002a89d74aa40 flushing  nmethod 0x000002a889627d10
Event: 75.006 Thread 0x000002a89d74aa40 flushing  nmethod 0x000002a889692f90
Event: 75.006 Thread 0x000002a89d74aa40 flushing  nmethod 0x000002a8896bee10
Event: 75.006 Thread 0x000002a89d74aa40 flushing  nmethod 0x000002a8897bf590
Event: 75.006 Thread 0x000002a89d74aa40 flushing  nmethod 0x000002a8897f1690
Event: 75.006 Thread 0x000002a89d74aa40 flushing  nmethod 0x000002a8897f5a90
Event: 75.006 Thread 0x000002a89d74aa40 flushing  nmethod 0x000002a889aab910
Event: 75.006 Thread 0x000002a89d74aa40 flushing  nmethod 0x000002a889aad610
Event: 75.006 Thread 0x000002a89d74aa40 flushing  nmethod 0x000002a889aadd90
Event: 75.006 Thread 0x000002a89d74aa40 flushing  nmethod 0x000002a889c7de90

Events (20 events):
Event: 67.861 Thread 0x000002a8a3e8ece0 Thread exited: 0x000002a8a3e8ece0
Event: 67.861 Thread 0x000002a8a3e8df40 Thread exited: 0x000002a8a3e8df40
Event: 70.098 Thread 0x000002a89d833250 Thread added: 0x000002a8a4691090
Event: 70.119 Thread 0x000002a89d833250 Thread added: 0x000002a8a468c5a0
Event: 70.477 Thread 0x000002a8a468c5a0 Thread exited: 0x000002a8a468c5a0
Event: 71.051 Thread 0x000002a89d80ab30 Thread added: 0x000002a8a468ee80
Event: 71.478 Thread 0x000002a8a4691090 Thread exited: 0x000002a8a4691090
Event: 71.478 Thread 0x000002a8a468ee80 Thread exited: 0x000002a8a468ee80
Event: 71.850 Thread 0x000002a89d833250 Thread added: 0x000002a8a468b130
Event: 71.854 Thread 0x000002a89d833250 Thread added: 0x000002a8a468da10
Event: 72.481 Thread 0x000002a8a468da10 Thread exited: 0x000002a8a468da10
Event: 72.609 Thread 0x000002a89d833250 Thread added: 0x000002a8a468da10
Event: 73.463 Thread 0x000002a8a468da10 Thread exited: 0x000002a8a468da10
Event: 73.578 Thread 0x000002a8a468b130 Thread exited: 0x000002a8a468b130
Event: 73.750 Thread 0x000002a89d833250 Thread added: 0x000002a8a46902f0
Event: 74.052 Thread 0x000002a89d833250 Thread added: 0x000002a8a468da10
Event: 74.345 Thread 0x000002a8a468da10 Thread exited: 0x000002a8a468da10
Event: 74.345 Thread 0x000002a8a46902f0 Thread exited: 0x000002a8a46902f0
Event: 76.637 Thread 0x000002a89d833250 Thread added: 0x000002a8a468e0e0
Event: 77.039 Thread 0x000002a89d80ab30 Thread added: 0x000002a8a3e8df40


Dynamic libraries:
0x00007ff7f6830000 - 0x00007ff7f683a000 	D:\Android Studio\jbr\bin\java.exe
0x00007fff98b10000 - 0x00007fff98d27000 	C:\WINDOWS\SYSTEM32\ntdll.dll
0x00007fff60ff0000 - 0x00007fff6100a000 	C:\Program Files\Avast Software\Avast\aswhook.dll
0x00007fff977b0000 - 0x00007fff97874000 	C:\WINDOWS\System32\KERNEL32.DLL
0x00007fff95ff0000 - 0x00007fff963c3000 	C:\WINDOWS\System32\KERNELBASE.dll
0x00007fff96520000 - 0x00007fff96631000 	C:\WINDOWS\System32\ucrtbase.dll
0x00007fff87340000 - 0x00007fff8735b000 	D:\Android Studio\jbr\bin\VCRUNTIME140.dll
0x00007fff87370000 - 0x00007fff87388000 	D:\Android Studio\jbr\bin\jli.dll
0x00007fff97390000 - 0x00007fff97541000 	C:\WINDOWS\System32\USER32.dll
0x00007fff95fc0000 - 0x00007fff95fe6000 	C:\WINDOWS\System32\win32u.dll
0x00007fff96fc0000 - 0x00007fff96fe9000 	C:\WINDOWS\System32\GDI32.dll
0x00007fff95ea0000 - 0x00007fff95fbb000 	C:\WINDOWS\System32\gdi32full.dll
0x00007fff6e7d0000 - 0x00007fff6ea68000 	C:\WINDOWS\WinSxS\amd64_microsoft.windows.common-controls_6595b64144ccf1df_6.0.22621.5124_none_270e8f4f7386d69d\COMCTL32.dll
0x00007fff96400000 - 0x00007fff9649a000 	C:\WINDOWS\System32\msvcp_win.dll
0x00007fff972e0000 - 0x00007fff97387000 	C:\WINDOWS\System32\msvcrt.dll
0x00007fff97210000 - 0x00007fff97241000 	C:\WINDOWS\System32\IMM32.DLL
0x00007fff8ef30000 - 0x00007fff8ef3c000 	D:\Android Studio\jbr\bin\vcruntime140_1.dll
0x00007fff6e5e0000 - 0x00007fff6e66d000 	D:\Android Studio\jbr\bin\msvcp140.dll
0x00007ffed2e30000 - 0x00007ffed3aba000 	D:\Android Studio\jbr\bin\server\jvm.dll
0x00007fff97550000 - 0x00007fff97601000 	C:\WINDOWS\System32\ADVAPI32.dll
0x00007fff97a70000 - 0x00007fff97b18000 	C:\WINDOWS\System32\sechost.dll
0x00007fff963d0000 - 0x00007fff963f8000 	C:\WINDOWS\System32\bcrypt.dll
0x00007fff970f0000 - 0x00007fff97204000 	C:\WINDOWS\System32\RPCRT4.dll
0x00007fff97b20000 - 0x00007fff97b91000 	C:\WINDOWS\System32\WS2_32.dll
0x00007fff94ce0000 - 0x00007fff94d2d000 	C:\WINDOWS\SYSTEM32\POWRPROF.dll
0x00007fff8bab0000 - 0x00007fff8baba000 	C:\WINDOWS\SYSTEM32\VERSION.dll
0x00007fff8dce0000 - 0x00007fff8dd14000 	C:\WINDOWS\SYSTEM32\WINMM.dll
0x00007fff94ca0000 - 0x00007fff94cb3000 	C:\WINDOWS\SYSTEM32\UMPDC.dll
0x00007fff94cc0000 - 0x00007fff94cd8000 	C:\WINDOWS\SYSTEM32\kernel.appcore.dll
0x00007fff8ef10000 - 0x00007fff8ef1a000 	D:\Android Studio\jbr\bin\jimage.dll
0x00007fff935f0000 - 0x00007fff93822000 	C:\WINDOWS\SYSTEM32\DBGHELP.DLL
0x00007fff98520000 - 0x00007fff988b2000 	C:\WINDOWS\System32\combase.dll
0x00007fff97990000 - 0x00007fff97a67000 	C:\WINDOWS\System32\OLEAUT32.dll
0x00007fff892c0000 - 0x00007fff892f2000 	C:\WINDOWS\SYSTEM32\dbgcore.DLL
0x00007fff964a0000 - 0x00007fff9651b000 	C:\WINDOWS\System32\bcryptPrimitives.dll
0x00007fff8dd50000 - 0x00007fff8dd5e000 	D:\Android Studio\jbr\bin\instrument.dll
0x00007fff87320000 - 0x00007fff87340000 	D:\Android Studio\jbr\bin\java.dll
0x00007fff6dbd0000 - 0x00007fff6dbe8000 	D:\Android Studio\jbr\bin\zip.dll
0x00007fff97bb0000 - 0x00007fff98446000 	C:\WINDOWS\System32\SHELL32.dll
0x00007fff95d60000 - 0x00007fff95e9f000 	C:\WINDOWS\System32\wintypes.dll
0x00007fff93af0000 - 0x00007fff9440a000 	C:\WINDOWS\SYSTEM32\windows.storage.dll
0x00007fff97880000 - 0x00007fff9798a000 	C:\WINDOWS\System32\SHCORE.dll
0x00007fff97250000 - 0x00007fff972b3000 	C:\WINDOWS\System32\shlwapi.dll
0x00007fff95b50000 - 0x00007fff95b7b000 	C:\WINDOWS\SYSTEM32\profapi.dll
0x00007fff87310000 - 0x00007fff87320000 	D:\Android Studio\jbr\bin\net.dll
0x00007fff8ef40000 - 0x00007fff8f06c000 	C:\WINDOWS\SYSTEM32\WINHTTP.dll
0x00007fff951c0000 - 0x00007fff9522a000 	C:\WINDOWS\system32\mswsock.dll
0x00007fff4d5d0000 - 0x00007fff4d5e6000 	D:\Android Studio\jbr\bin\nio.dll
0x00007fff6bce0000 - 0x00007fff6bcf0000 	D:\Android Studio\jbr\bin\verify.dll
0x00007fff89b90000 - 0x00007fff89bb7000 	C:\Users\HP\.gradle\native\c067742578af261105cb4f569cf0c3c89f3d7b1fecec35dd04571415982c5e48\windows-amd64\native-platform.dll
0x00007fff3bca0000 - 0x00007fff3bde4000 	C:\Users\HP\.gradle\native\100fb08df4bc3b14c8652ba06237920a3bd2aa13389f12d3474272988ae205f9\windows-amd64\native-platform-file-events.dll
0x00007fff76000000 - 0x00007fff76009000 	D:\Android Studio\jbr\bin\management.dll
0x00007fff6f7a0000 - 0x00007fff6f7ab000 	D:\Android Studio\jbr\bin\management_ext.dll
0x00007fff98450000 - 0x00007fff98458000 	C:\WINDOWS\System32\PSAPI.DLL
0x00007fff95410000 - 0x00007fff9542b000 	C:\WINDOWS\SYSTEM32\CRYPTSP.dll
0x00007fff94bf0000 - 0x00007fff94c27000 	C:\WINDOWS\system32\rsaenh.dll
0x00007fff952b0000 - 0x00007fff952d8000 	C:\WINDOWS\SYSTEM32\USERENV.dll
0x00007fff95430000 - 0x00007fff9543c000 	C:\WINDOWS\SYSTEM32\CRYPTBASE.dll
0x00007fff94670000 - 0x00007fff9469d000 	C:\WINDOWS\SYSTEM32\IPHLPAPI.DLL
0x00007fff97010000 - 0x00007fff97019000 	C:\WINDOWS\System32\NSI.dll
0x00007fff76de0000 - 0x00007fff76de9000 	D:\Android Studio\jbr\bin\extnet.dll
0x00007fff61010000 - 0x00007fff61018000 	C:\WINDOWS\system32\wshunix.dll
0x00007fff94e30000 - 0x00007fff94e64000 	C:\WINDOWS\SYSTEM32\ntmarta.dll

dbghelp: loaded successfully - version: 4.0.5 - missing functions: none
symbol engine: initialized successfully - sym options: 0x614 - pdb path: .;D:\Android Studio\jbr\bin;C:\WINDOWS\SYSTEM32;C:\Program Files\Avast Software\Avast;C:\WINDOWS\WinSxS\amd64_microsoft.windows.common-controls_6595b64144ccf1df_6.0.22621.5124_none_270e8f4f7386d69d;D:\Android Studio\jbr\bin\server;C:\Users\HP\.gradle\native\c067742578af261105cb4f569cf0c3c89f3d7b1fecec35dd04571415982c5e48\windows-amd64;C:\Users\HP\.gradle\native\100fb08df4bc3b14c8652ba06237920a3bd2aa13389f12d3474272988ae205f9\windows-amd64

VM Arguments:
jvm_args: --add-opens=java.base/java.lang=ALL-UNNAMED --add-opens=java.base/java.lang.invoke=ALL-UNNAMED --add-opens=java.base/java.util=ALL-UNNAMED --add-opens=java.prefs/java.util.prefs=ALL-UNNAMED --add-exports=jdk.compiler/com.sun.tools.javac.api=ALL-UNNAMED --add-exports=jdk.compiler/com.sun.tools.javac.util=ALL-UNNAMED --add-opens=java.base/java.util=ALL-UNNAMED --add-opens=java.prefs/java.util.prefs=ALL-UNNAMED --add-opens=java.base/java.nio.charset=ALL-UNNAMED --add-opens=java.base/java.net=ALL-UNNAMED --add-opens=java.base/java.util.concurrent.atomic=ALL-UNNAMED --add-opens=java.xml/javax.xml.namespace=ALL-UNNAMED -Xmx2048m -Dfile.encoding=UTF-8 -Duser.country=ID -Duser.language=en -Duser.variant -javaagent:C:\Users\HP\.gradle\wrapper\dists\gradle-8.11.1-bin\bpt9gzteqjrbo1mjrsomdt32c\gradle-8.11.1\lib\agents\gradle-instrumentation-agent-8.11.1.jar 
java_command: org.gradle.launcher.daemon.bootstrap.GradleDaemon 8.11.1
java_class_path (initial): C:\Users\HP\.gradle\wrapper\dists\gradle-8.11.1-bin\bpt9gzteqjrbo1mjrsomdt32c\gradle-8.11.1\lib\gradle-daemon-main-8.11.1.jar
Launcher Type: SUN_STANDARD

[Global flags]
     intx CICompilerCount                          = 4                                         {product} {ergonomic}
     uint ConcGCThreads                            = 2                                         {product} {ergonomic}
     uint G1ConcRefinementThreads                  = 8                                         {product} {ergonomic}
   size_t G1HeapRegionSize                         = 1048576                                   {product} {ergonomic}
    uintx GCDrainStackTargetSize                   = 64                                        {product} {ergonomic}
   size_t InitialHeapSize                          = 266338304                                 {product} {ergonomic}
   size_t MarkStackSize                            = 4194304                                   {product} {ergonomic}
   size_t MaxHeapSize                              = 2147483648                                {product} {command line}
   size_t MaxNewSize                               = 1287651328                                {product} {ergonomic}
   size_t MinHeapDeltaBytes                        = 1048576                                   {product} {ergonomic}
   size_t MinHeapSize                              = 8388608                                   {product} {ergonomic}
    uintx NonNMethodCodeHeapSize                   = 5839372                                {pd product} {ergonomic}
    uintx NonProfiledCodeHeapSize                  = 122909434                              {pd product} {ergonomic}
    uintx ProfiledCodeHeapSize                     = 122909434                              {pd product} {ergonomic}
    uintx ReservedCodeCacheSize                    = 251658240                              {pd product} {ergonomic}
     bool SegmentedCodeCache                       = true                                      {product} {ergonomic}
   size_t SoftMaxHeapSize                          = 2147483648                             {manageable} {ergonomic}
     bool UseCompressedOops                        = true                           {product lp64_product} {ergonomic}
     bool UseG1GC                                  = true                                      {product} {ergonomic}
     bool UseLargePagesIndividualAllocation        = false                                  {pd product} {ergonomic}

Logging:
Log output configuration:
 #0: stdout all=warning uptime,level,tags foldmultilines=false
 #1: stderr all=off uptime,level,tags foldmultilines=false

Environment Variables:
JAVA_HOME=C:\Program Files\Java\jdk-20
PATH=C:\Program Files\Microsoft MPI\Bin\;C:\Program Files\Common Files\Oracle\Java\javapath;C:\windows\system32;C:\windows;C:\windows\System32\Wbem;C:\windows\System32\WindowsPowerShell\v1.0\;C:\windows\System32\OpenSSH\;C:\Program Files (x86)\NVIDIA Corporation\PhysX\Common;C:\Program Files\NVIDIA Corporation\NVIDIA NvDLISR;C:\WINDOWS\system32;C:\WINDOWS;C:\WINDOWS\System32\Wbem;C:\WINDOWS\System32\WindowsPowerShell\v1.0\;C:\WINDOWS\System32\OpenSSH\;C:\Program Files\Java\jdk-20\bin;C:\Program Files\Git\cmd;D:\SEMESTER 5\BIG DATA\bin;D:\SEMESTER 5\BIG DATA\mongosh-2.3.3-win32-x64\bin;C:\Users\HP\AppData\Local\Programs\Python\Python312;C:\Users\HP\AppData\Local\Programs\Python\Launcher\;C:\Users\HP\AppData\Local\Microsoft\WindowsApps;C:\Users\HP\AppData\Local\Programs\Microsoft VS Code\bin;C:\Program Files\Microsoft MPI\Bin;C:\ProgramData\anaconda3\Scripts;
USERNAME=HP
OS=Windows_NT
PROCESSOR_IDENTIFIER=Intel64 Family 6 Model 140 Stepping 1, GenuineIntel
TMP=C:\Users\HP\AppData\Local\Temp
TEMP=C:\Users\HP\AppData\Local\Temp




Periodic native trim disabled

JNI global refs:
JNI global refs: 30, weak refs: 19

JNI global refs memory usage: 835, weak refs: 833

Process memory usage:
Resident Set Size: 536160K (3% of 16537592K total physical memory with 1916816K free physical memory)

OOME stack traces (most recent first):
Classloader memory used:
Loader org.gradle.internal.classloader.VisitableURLClassLoader                         : 96296K
Loader bootstrap                                                                       : 24423K
Loader org.gradle.initialization.MixInLegacyTypesClassLoader                           : 6794K
Loader org.gradle.internal.classloader.VisitableURLClassLoader                         : 734K
Loader org.gradle.internal.classloader.VisitableURLClassLoader$InstrumentingVisitableURLClassLoader: 572K
Loader jdk.internal.loader.ClassLoaders$PlatformClassLoader                            : 496K
Loader jdk.internal.jrtfs.JrtFileSystemProvider$JrtFsLoader                            : 337K
Loader jdk.internal.loader.ClassLoaders$AppClassLoader                                 : 234K
Loader jdk.internal.reflect.DelegatingClassLoader                                      : 157K
Loader org.gradle.groovy.scripts.internal.DefaultScriptCompilationHandler$ScriptClassLoader: 88264B
Loader org.codehaus.groovy.runtime.callsite.CallSiteClassLoader                        : 49592B


[error occurred during error reporting (Classloader stats), id 0xe0000001, Out of Memory Error (s\src\hotspot\share\memory\arena.cpp:168)]
---------------  S Y S T E M  ---------------

OS:
 Windows 11 , 64 bit Build 22621 (10.0.22621.5124)
OS uptime: 0 days 12:18 hours
Hyper-V role detected

CPU: total 8 (initial active 8) (4 cores per cpu, 2 threads per core) family 6 model 140 stepping 1 microcode 0x86, cx8, cmov, fxsr, ht, mmx, 3dnowpref, sse, sse2, sse3, ssse3, sse4.1, sse4.2, popcnt, lzcnt, tsc, tscinvbit, avx, avx2, aes, erms, clmul, bmi1, bmi2, adx, avx512f, avx512dq, avx512cd, avx512bw, avx512vl, sha, fma, vzeroupper, avx512_vpopcntdq, avx512_vpclmulqdq, avx512_vaes, avx512_vnni, clflush, clflushopt, clwb, avx512_vbmi2, avx512_vbmi, hv, rdtscp, rdpid, fsrm, gfni, avx512_bitalg, f16c, cet_ibt, cet_ss, avx512_ifma
Processor Information for processor 0
  Max Mhz: 2803, Current Mhz: 2803, Mhz Limit: 2803
Processor Information for processor 1
  Max Mhz: 2803, Current Mhz: 2803, Mhz Limit: 2803
Processor Information for processor 2
  Max Mhz: 2803, Current Mhz: 2803, Mhz Limit: 2803
Processor Information for processor 3
  Max Mhz: 2803, Current Mhz: 2803, Mhz Limit: 2803
Processor Information for processor 4
  Max Mhz: 2803, Current Mhz: 1501, Mhz Limit: 2803
Processor Information for processor 5
  Max Mhz: 2803, Current Mhz: 2803, Mhz Limit: 2803
Processor Information for processor 6
  Max Mhz: 2803, Current Mhz: 1501, Mhz Limit: 2803
Processor Information for processor 7
  Max Mhz: 2803, Current Mhz: 1501, Mhz Limit: 2803

Memory: 4k page, system-wide physical 16149M (1865M free)
TotalPageFile size 19240M (AvailPageFile size 0M)
current process WorkingSet (physical memory assigned to process): 525M, peak: 525M
current process commit charge ("private bytes"): 563M, peak: 563M

vm_info: OpenJDK 64-Bit Server VM (21.0.5+-12932927-b750.29) for windows-amd64 JRE (21.0.5+-12932927-b750.29), built on 2025-01-17T02:01:10Z by "builder" with MS VC++ 16.10 / 16.11 (VS2019)

END.
